1799816
424868
1604001
1743690
209126
1527447
1791527
467325
335940
1774276
1744678
146454
52375
82553
1649014
1526665
1527501
1604491
138230
52619
1775193
469549
101867
1584446
52811
77199
240589
254964
1538878
1738386
1540247
519978
318671
1738378
1744905
1773482
271006
1807500
1775250
1772645
1581181
869143
517308
199057
1581416
516138
1538792
1743070
79622
1788236
50560
76567
61828
1580815
61211
54194
1738699
189006
107066
1738311
492306
470212
378074
376611
472843
1538794
335337
100724
223869
1778431
1775681
189698
1824495
403876
50804
1824294
1581871
1774235
213839
1526425
1616883
1616190
61242
1800867
871704
441195
82868
72949
79411
467795
496786
1539072
1744479
1581065
56715
1581462
1786384
316059
442781
1738657
1774210
51701
49854
1744309
425218
101212
1603843
1764643
149375
107809
1744680
1738713
1808811
1809377
1604564
335648
1581647
77218
1744474
1744278
1726832
1782064
1735230
376544
1772680
1738633
1527244
1649090
471890
1743041
1738449
1790813
53814
1581899
1581776
200409
55972
1773475
240050
1809408
471212
1526381
52766
337776
1648300
55637
77436
1733758
1539338
1756502
382369
1581363
67038
134881
332361
1539836
1616010
1526700
240276
1788339
1797881
1787628
1764653
1527387
361689
147823
135854
444238
240597
55123
1526491
1648837
1634465
1735237
240914
471118
1774241
1738640
1539724
1820123
1581709
1616268
240360
425571
55550
1797107
318704
1603594
191827
1778806
1744464
1738708
382595
376264
316137
55308
474084
1539216
319332
1806038
1788884
1797199
192909
216065
106047
1527145
1771541
1738586
1775635
472417
1649117
392387
388156
1634586
1778749
1527423
472768
1526378
870063
1526649
1772676
1787188
191349
82215
475020
476395
1539116
50582
522204
214242
1791331
1778398
77659
1811850
436511
1743680
1580899
1756546
107194
1582001
1743631
508188
1785099
1616576
58104
1527604
1778604
1778745
1581664
71148
212865
76615
1527593
1540195
101616
1775266
77727
1787225
1772650
1794356
76550
515518
428572
76695
139085
1526962
82460
1673537
71004
1782096
100584
1738579
1604151
318053
1649024
76830
1787415
82031
385309
73056
54592
76931
1649049
1539619
426000
77310
1738486
112940
225969
70742
1745046
1776081
82030
1581165
1738457
51172
1744619
1738433
1796417
1738434
1793633
82926
138862
267379
241651
53502
1760169
446056
246971
50831
77392
1735239
1803574
192542
1526655
218437
77009
409724
1772637
442221
83248
140386
58540
1756604
871642
138554
1581410
871281
241328
154336
1771530
1526831
467981
1738400
82676
1773526
1760389
106236
1794521
390548
71056
1756896
472764
81991
195268
1771576
1581658
427056
54400
1744814
1738323
1738560
1538848
1756104
1743050
193995
1799693
1809569
140936
612527
1807497
106499
55057
139708
1539608
1787725
1784142
1527094
1744489
71020
475432
386033
1616925
473864
196315
1774876
1800569
1744456
1756654
1789438
491857
315128
77551
319415
134609
77227
51433
137489
141266
1581577
50580
261805
1788413
1797743
1634577
1648914
82227
1738660
1731956
1581903
1823431
1539055
612184
1756795
82154
445663
426378
1764628
189660
424989
1738520
51694
76495
1738450
78965
1744643
1778378
379658
70681
1786409
1581051
474590
517904
1745029
407177
497248
1738653
1649254
1527129
1744486
55910
428602
79739
1604113
1772705
122255
336519
1527195
1744822
870442
337514
1648511
57130
50974
1744284
473398
334133
52591
1738611
79720
1581057
1744507
1604521
1738575
1809400
1686924
263581
1581286
1783117
53483
1648789
1738643
243248
1802489
71940
77091
1744623
1760377
1710141
139884
1824423
241388
1527365
1786156
1824186
1800917
82148
1744447
77282
77165
321524
1756732
54356
1776745
1580821
52578
1540322
79374
209918
76650
870076
196379
1539135
1648388
1744440
872576
82109
244337
315444
319038
1580869
1581727
471154
360178
523448
271779
225943
1760124
123908
125266
1744622
1790922
100646
1809473
467584
52460
341428
1581202
189140
1634378
872462
1744632
1794453
77441
59379
441725
76595
1744280
1789307
1776469
76694
473789
319221
1760133
1771707
1738431
78375
76497
1743669
1787845
1743219
59829
76560
59678
55015
137128
1778368
60511
76728
54667
343555
124042
1812661
1744831
441255
134585
1775252
1616008
71103
52873
1779059
1744690
1527583
1616765
1772643
402271
1784249
1648718
381823
428807
58058
1711267
1783298
82123
361713
1604177
491244
1778600
206589
1780433
1797217
1738596
1738308
1731977
472882
1649073
203106
50578
1824641
1798046
81964
1774880
426178
1744901
1539732
330572
1743260
1797197
1581692
136044
60292
489477
60409
1538643
1794347
77262
100916
425020
83243
1580901
60912
61394
1781842
267150
1526494
1527482
925946
1738659
1771593
77541
1803559
507384
1539579
1743430
315996
61001
1745026
1738550
1800004
1649056
50025
1789787
1648375
872013
1743634
1539029
1539640
1738539
204579
1581430
1539143
1744640
1744682
426084
1744243
1580931
473361
1736615
518071
1818020
1743637
77740
1604168
425351
76555
1743676
58227
1526512
1616148
1581974
51550
338870
1788550
140771
1789504
1744269
1648879
54456
1738671
1616584
1786901
149033
51983
1603796
1581904
78037
1738437
81951
1604289
1800373
217957
198241
242764
1538650
1738410
139062
1581409
427435
50970
442803
139710
1783281
146482
77585
205700
1607296
82587
1538889
1799726
140982
275169
55094
1772652
188820
331924
51271
1738417
1604221
436445
332533
424988
1818022
57206
1527491
1581695
466594
1788720
1738669
428889
72812
70701
428858
444614
1733205
1711339
466494
1604203
471580
425941
474605
1527313
246424
1778390
872095
1744450
1738296
1738658
1744692
328797
58562
1527231
494767
506095
408411
72390
109591
198839
78362
1824494
1782229
1794114
441230
1745043
1774211
192426
1527276
1803474
1777076
49829
191280
1785057
77334
469998
1604819
1800062
1744629
49803
1781617
1797702
1615844
315758
77259
1738461
1742996
205978
1820200
1743659
106188
1648943
240384
1760114
1526789
138713
1526440
1781474
354373
1526436
101822
262335
493774
138934
426047
1764595
468028
1745067
1738498
1738319
1801882
1581959
1738350
1738467
1777085
82650
1778841
76812
1776753
1539433
1581175
475531
1539552
1744627
1744499
1783686
466659
1604821
136631
1744832
278209
337805
1634476
135843
1738667
1789472
60991
269237
489282
435614
469978
1527192
1526949
1540250
336803
1728827
489291
1581781
72758
1738599
1649099
241408
1616096
1649040
1778602
1648559
81979
442116
82145
71301
1744668
405290
50374
50388
1743027
1539765
1776468
1744849
1774895
1603820
1744505
1738598
474470
349221
381218
1539885
139733
1539663
425837
198656
1744843
77719
1776820
1775244
1726805
1616378
265875
63812
1726829
72957
207526
49862
1604241
1738414
1527294
470595
50969
1733592
71154
1581448
473010
1616836
77453
1826536
1604233
70713
1648874
1738358
1538930
72616
1527163
1738605
1773504
77407
102004
869916
1738468
381895
1580971
81948
1771665
1785899
472987
1788324
469979
1756468
467880
54621
471479
247316
214164
1744648
1581174
315836
1634541
1783361
378443
1798471
1738573
1539602
441311
1634458
51475
1745069
1801400
1649157
1784193
327659
77042
78413
1738525
466323
101251
1778655
467806
49873
926919
1526415
1797620
1776145
1738547
272829
1616551
58209
208439
1780373
1776074
318640
1771570
59176
474985
135026
63256
346877
49891
192823
1648729
1648594
59761
55280
1771549
1738626
1782414
515743
81919
1540227
1604522
1735255
109063
1824296
428540
1823387
264596
1540267
391537
1653820
77893
1776415
141679
1615983
1615946
1781538
470843
1801322
260276
1744296
490269
1539596
1744881
1799574
1526626
1764604
426144
491517
1540156
1604060
1645324
100868
1788279
1604054
361787
193881
1738561
79504
55299
1744247
1821434
57197
1808315
70891
140185
1788882
1526454
1604282
77857
1772635
1775195
202764
1809883
71833
1527368
49834
1774253
55985
1526586
83006
474787
1801701
1789450
1738423
1781520
925673
1527467
428397
76582
1603833
1743643
53775
1526624
388666
194654
1744299
76632
76398
1540285
1616183
1791593
425765
430463
76654
1538736
137705
139165
1581843
1744428
495119
53067
66842
1788617
391499
1538920
249316
1771566
56073
1738530
199987
82271
1526711
81958
1738465
319033
612462
82026
1581243
71238
1527716
197067
51187
1799077
333578
927217
1771580
872172
1733181
1538948
54300
1744703
492952
78065
51188
1648892
70738
1783448
1526791
52705
1797342
424767
1794582
54740
1811873
77058
55646
1820511
52403
441978
1539403
1604155
1744453
1604411
110064
77557
1744268
1774240
56904
327065
72853
315990
383439
1744234
1744867
1603808
82879
1744306
1744434
1772695
1798387
200033
445077
424805
466249
77116
113941
473629
101556
1760135
1743449
318224
139897
467503
1744511
1787865
442003
491840
1604786
507867
145638
265129
1648966
276327
1538970
1538835
1775204
1744426
1526732
1540028
77144
1781585
215485
79230
219570
318307
1738480
506090
315111
1778572
1738610
1776097
427593
1648585
392334
1526715
441323
1539199
1786811
204858
66023
1787111
382849
1756638
1648322
493648
1604124
100557
441095
439297
1731186
1812044
77117
1616741
1738351
392510
1786849
1771663
76638
1581390
1743674
1730414
332621
101369
52495
1778400
76996
315471
1743023
443789
60397
468466
71567
52242
106322
1581003
1785155
1799401
496684
1526679
441840
1604376
204743
1581761
1760263
346383
64793
1539074
490767
1789689
492125
276419
140648
77044
1743388
1776789
1771664
467791
1797729
1756775
1778662
333905
52297
51761
81969
240578
495025
188506
1616468
507321
1581031
1771751
51625
50088
1815660
1616022
1616575
1802515
1773547
100801
1648531
55300
52213
442102
1808308
204237
1756096
244026
405791
82077
203465
77758
468105
253206
1730738
101295
612230
79070
76926
1738630
475483
101173
611626
1738572
1539947
336048
50492
1581693
428870
54319
1743054
441279
1744639
1782325
433103
53482
1744515
1744465
51258
1539166
430127
1735245
1799978
426069
1744501
102081
1744281
53328
1771579
1743596
78891
1581205
111403
1648390
469313
1744645
71013
81967
101638
1760386
1813521
59685
1744297
1803795
1797763
1738376
336013
1744274
1806161
404750
260324
316442
506890
1778556
1581154
1648923
82354
1738693
1634343
1540002
1787646
1581875
70829
242244
1790044
1797305
78670
1807660
192999
388644
259124
1648938
1519287
1738331
1744852
60011
1809790
77371
61164
147275
64642
65156
76780
82099
336336
1773498
494727
319211
1823506
1634519
1744292
76466
71585
1744271
79292
136846
1743427
1736618
1773480
522230
201199
1777207
139916
82054
442814
1738686
73130
222968
67863
50921
76800
77328
79119
1738426
100948
1771681
1738345
138057
492380
1738692
55355
441169
205124
50624
1649074
54219
50277
1785412
871256
1784926
492196
1778920
1778817
1616767
1539858
82701
1604677
1797350
1773546
54533
468042
1616632
1738711
76611
134489
1539351
1616842
66204
1539723
1773550
54445
214711
58243
1779048
82005
192747
60599
1738621
331887
50657
1776403
71060
333797
1527104
1778723
138960
100977
70949
429026
1728826
1604433
476575
1744514
1760305
330321
77960
1801723
1738551
431734
139731
54806
1649021
1745081
1538968
467644
338188
337623
1778847
55127
1710092
496106
1686718
140256
53700
53544
79669
1581038
1744889
59711
1604844
1738558
77229
81937
1540128
79297
1773515
159961
78257
362397
332651
1738506
66158
1738638
1738393
212709
1744469
1789451
334093
188702
1782289
58009
466774
362364
200438
1782435
334593
1540044
1539877
101484
1526493
109747
1772657
1801768
1794459
472549
253086
77122
53774
1738329
428001
869099
1778737
1789116
250617
106502
1788595
70930
111963
1526643
81928
505827
1581902
316245
475014
101129
262561
1744624
507659
1743390
361631
490424
1764652
525558
78213
1527545
1778947
442460
52355
1744699
1539392
108005
1743043
1786766
1776449
1764574
261057
1728786
123555
504623
1539526
58133
392103
872434
336985
1738696
139304
1788613
55585
334669
1539536
1824705
1580964
1808913
1803107
1738619
199371
1581483
136392
1826534
1744704
51296
52047
491837
1743666
78205
491310
206660
1745040
1760383
491855
1743418
926448
387812
1773471
1615975
1744424
1774861
1738540
54404
1760316
203274
1756853
1604328
517978
134940
50419
1649039
108343
1580990
50216
469386
1581825
345726
442808
135033
101483
76623
193512
61577
1781759
1738664
1738702
872494
1738380
1778838
51943
359841
216292
1772687
1649224
1582006
101701
106244
72726
1782432
467487
468157
211030
1784189
82040
442277
82925
267201
1789623
67417
870803
72181
1779079
108344
1745008
361947
1731961
1774236
54292
50124
1728539
1582000
139876
336228
1539374
1538748
191541
1783644
1527124
1526925
1738587
82608
1738436
137856
1527421
1786415
1784949
1526929
1615919
1775233
70974
214861
1539669
1787194
926918
1764620
1673557
1616775
329600
54355
1538606
140679
194536
78397
1744694
385563
1539558
1776126
1778686
1580889
51634
354715
1764613
1743000
1794306
191178
51193
339426
70725
1649213
67571
1744417
53906
1603609
1603636
1726842
1648991
1581712
1744304
1732667
466795
1771544
1539585
442058
1801065
1744308
1604661
1771690
1778580
1784870
1538954
1781717
1784256
377281
1731220
1745019
107677
125390
78388
1538939
1738675
1604518
1738695
1539177
1539916
476571
441156
320907
50617
1781743
345899
1820601
1744695
1772640
1582018
76619
1581916
339584
1634356
79354
204651
386292
272868
1526936
320952
54675
496157
1732216
1738569
1726820
1526495
1540100
100998
76865
1775674
134511
100933
246763
526243
1733821
1649066
1776383
1726798
83207
492694
211285
1738438
1538859
1581948
515913
50632
869952
1794537
428461
1732192
493174
1744254
1735235
192693
139977
473664
1603733
472827
1603955
1784101
441058
475180
1540310
1738397
491776
1539714
1743598
1540246
264223
1710495
870256
78599
1738673
1738632
1539787
241736
223545
1743429
49979
79095
1731971
1773487
492825
924505
82084
382680
425471
1730441
425291
61885
1812710
1738584
52192
1581947
1603906
1738613
1709463
188563
1782355
267299
245329
198387
1581632
77204
52267
1738631
51444
476606
1743625
386873
445885
54287
1744461
76752
1788625
76703
1738701
76840
1538882
1824290
1788623
50541
1799640
515750
54208
1730774
1776392
425287
79001
382518
1657123
59156
320371
1540296
76426
871868
1744283
196566
1581901
1526946
1604481
193725
1793837
1824798
52169
1603698
82050
1726802
58094
1771661
1527518
53106
1789490
1812644
444278
426134
137673
1738634
1776143
77475
1738505
442043
82272
50348
206242
323687
492368
520501
77296
428108
134583
1738684
1778383
1581311
82544
1756574
53017
1809044
330232
197588
1797108
1616449
491535
1773514
1730413
1787583
1738305
1794346
346917
62034
60281
79058
318701
1604789
1540268
64863
442967
440924
1539037
1634625
1581229
79621
425126
493042
59250
341140
406979
71183
82162
1648989
1726819
1648305
1794266
124595
1791355
446083
1581590
1615991
100754
1527391
1738355
1738542
138014
1800361
1787186
431205
100931
199009
1538955
71290
1581640
76819
141292
1776416
1786562
72302
1760079
428933
1785229
1733576
191275
340885
1604188
71653
1540289
1776155
101312
441609
106219
106688
472259
1813103
472377
1794496
1744227
1772685
146373
212035
51431
1540132
1783290
1781801
1756126
213634
1776819
1738427
54382
71422
1726821
1738688
1735250
1743675
1787935
71356
50351
1744225
869397
923898
78819
58478
50806
1540025
612323
466731
139801
1604230
76491
244754
1744833
82570
1649093
1773531
492506
492897
1731988
1616078
475723
65113
333249
223354
1743243
491446
1604370
517752
76385
82321
1604632
1616908
1743036
1648409
1738447
1781562
210760
1777036
1738402
333424
1777081
425890
83479
1616244
1779087
316035
76562
1776094
1604524
497187
924332
1776419
1824207
408151
1729228
76739
467512
106646
495585
1771743
1527700
1604797
425021
193885
1527432
55520
82164
199042
241332
1648582
1649020
1774871
53485
1738510
1743015
361816
425093
1794771
1800637
1789492
331903
1743188
1783253
53473
425364
1603708
1738364
1581437
197214
1745031
1581650
872168
113163
1756781
466315
1796544
1788211
1581153
442425
1744236
1777045
1778621
1648930
1771527
50737
315950
189036
404253
1616877
53500
53301
443634
1738601
71904
1784850
268885
1772675
466602
1778832
1539882
1527189
1527619
1538879
392066
425965
54200
121428
1744688
356070
219507
106806
361856
470948
1604718
1794106
1786880
1744691
324622
363650
1738529
318893
50165
1738442
1776394
249473
1616058
1539431
1738491
1772679
205306
260476
76954
1733211
1738689
1582055
334667
49958
1616650
1738707
156053
1604220
1777210
76597
106556
442150
1604387
1738703
55285
1616755
1738453
1744897
1648573
1818023
1539456
263135
70999
467586
425957
78538
1797183
1526814
1603584
1538833
82001
475929
60055
101200
1775213
1744446
1616904
1580858
1794217
1526437
1673563
1772651
1634341
76570
1775669
1744430
1648299
1656940
360266
1581694
1649012
516557
927256
612528
444275
1526886
1776387
78015
469148
468287
1527141
1649544
1738496
1773525
82848
79325
78627
1526746
208218
1738336
1778775
76613
214239
195646
392108
50448
1580946
50527
1782557
428502
1771667
123830
1732698
871066
55407
1813048
870555
1581589
1615950
1738706
78089
493032
317592
1733167
1738362
54791
1738454
50893
520211
1745020
1787914
222394
52474
323393
426052
1777113
1649482
197332
466452
1787616
1731940
1581447
76706
1745071
1616138
107122
1539647
134462
925840
77372
240156
50038
59812
924739
191259
70934
1736593
1738367
189651
262070
1781745
1738546
1526561
1778853
1778423
1801789
1604665
408697
1775708
424758
1743700
1648362
240057
1738618
63378
1738399
1787991
191160
426085
78109
1604739
1538861
1738300
1527200
1772653
363231
1581683
1648790
55555
1775653
82708
1778848
50843
1745036
78997
260559
428452
1738494
260534
1784252
106382
200378
1604694
1782678
1794223
219405
467965
1788146
223293
1738359
332414
1604833
71133
470325
55133
381271
1773500
53265
1785358
1726838
1738604
442612
404197
382509
1526648
195393
1649214
82022
334793
83447
334511
1526914
467427
318550
124698
1744811
1744264
1733579
507619
79108
318493
1760371
1773511
1673620
1616170
1648730
247462
107145
139738
426971
1744826
1539047
1604779
1756549
52086
208857
1540071
491815
213917
71249
871723
1784080
1777086
1581844
1526769
1539779
82182
70800
1801772
470227
467667
83420
1581033
1538706
1788312
1581173
1743262
59869
403894
267059
1774889
1809272
494709
429354
1738556
58303
78051
1538880
192656
1744618
1771526
1539914
53558
198873
1603928
50289
82159
1634469
1756933
77292
425534
200653
1773499
441097
1826522
77425
1744667
1745048
49977
1794417
77810
55263
139714
1581340
425996
83001
1582020
1773489
429646
474601
1604125
1726840
1738564
491963
1744301
1540207
492980
611480
1744266
1744631
54868
338786
1648370
1738384
1809658
1788245
77037
215545
1649484
1527224
1648881
1738545
441047
106362
468799
475484
76494
1772632
472580
1744286
55500
209458
442119
1743606
1787663
1603614
466428
1738391
190656
1738484
1743603
70687
1732217
1603625
490236
1526592
70993
518375
1801610
1772684
1616014
1526589
925181
1649054
49802
52435
1526438
1603763
425799
1538885
1581466
1604037
134804
77464
473829
355823
1538791
441872
1789346
316029
59157
1539406
1744657
101427
316159
1582036
124118
266391
1607768
263137
1527622
428834
1616636
204259
1744248
101836
316507
440977
1603861
70785
1744228
475826
425578
506184
1538856
425990
110068
1743025
57369
76972
1581595
1801124
1738541
1649087
1809392
871994
1798348
1797712
1738595
1744887
1774234
315988
442136
1786550
76587
474097
1604771
219280
1799835
870606
77745
1801720
1782597
71134
101288
83090
442146
1744882
425811
1786898
1786426
376586
1773479
123706
1820182
198831
51621
60131
1738356
869357
1527637
518974
441062
334844
1616000
264212
77245
1648637
349281
198282
212422
1738369
1738652
1539024
79105
1797359
1756585
1615879
78748
1808640
77169
1778416
265418
50713
67141
505257
332346
476134
1604364
260273
1726810
1526827
426087
1738335
136229
1800457
49855
1616827
49824
1786077
1777094
1616036
1616133
467740
1779082
1738589
71289
491904
492474
1539701
504678
1539560
1824642
1581808
1738334
1538978
138797
1738528
82999
1539210
1744810
1534133
50563
1771658
72354
1649240
195632
1756868
1822952
1738419
1744651
1738623
79726
1802176
441383
1789026
474952
266048
1540166
1744422
54403
1581771
468975
1808240
199727
140421
1616155
1538697
1826486
138360
125988
1744492
1824194
1616037
470294
1527490
1738459
1777206
442207
60542
1539069
1540129
1824818
260375
490272
1760264
520478
1778420
77505
361901
50106
475415
1581052
1726836
70776
1774238
491652
428110
1728833
1744830
1738531
136830
106412
445201
166684
71153
1778521
1709952
337128
1732697
82844
470644
1800859
269125
1634575
1744420
1772671
72540
1744425
1738578
108460
1555363
1604594
496868
1773483
106287
1742993
1778770
110993
1800001
489292
81998
1738352
1581144
67915
1804108
1604104
1771689
318830
264592
1781739
79634
1735231
77395
1784263
316667
1745047
1738502
1616151
100588
199489
1771722
67135
78526
441982
1781720
82011
360877
79563
466604
319150
1527226
1798537
1738591
76535
55526
82245
70942
57528
1785100
79173
391330
60972
426674
1649498
1744275
76412
1812313
1784216
140141
1756058
1738593
1775634
325740
190641
243279
82557
1756755
188532
1738489
1527494
315839
1736611
206925
81953
79708
467977
319390
495665
471674
1801665
1539226
77275
425348
1803775
1648940
1581156
1538907
1581782
82238
60297
1616423
1649098
72521
1527532
154439
101557
66495
1728800
126432
1744429
494999
1808614
1615934
1710722
1744433
1773535
1788151
62126
70842
78452
51420
469181
1811984
1732681
77231
60586
391593
473360
1786083
50355
328000
261047
489841
106384
79351
1774289
871218
1616878
469725
328418
64973
1581688
78164
431662
82314
82663
362022
78240
55453
1527179
76730
1712348
1581264
1744462
467445
66903
1604042
1581891
1604379
240049
1745049
441421
1527715
1788677
1539481
100653
49858
491195
1787161
160789
1743604
428534
1801838
1539847
1807964
345963
1743472
100947
425633
52197
1744509
1784299
1782648
191692
1581752
1800982
1526847
194220
1785022
872041
491775
1538516
474467
1744677
1744490
1616593
1526625
76720
1789326
869107
54210
1603817
76677
1527505
76519
1604796
1581538
76813
134557
1616546
316275
1744500
82332
51163
1794023
1527102
1744290
72396
139928
78196
492354
388536
472924
467608
60746
1781750
341335
1538900
1728762
54987
425200
1772706
1616295
101973
1738543
467689
276143
199261
1604663
391313
76580
1787137
1796572
1527689
1738585
1744705
124101
506527
1745007
1795441
49946
1733200
924004
77895
110574
1711147
1616922
518234
1527352
1806092
335009
1539014
1616074
1726825
443360
191851
82117
138171
1648555
50304
1782629
1581441
1787939
50470
1581279
1527305
1604801
52453
1800820
489832
76884
336534
334425
1778408
101848
1540018
492916
138186
137842
1771620
1778897
1738441
1731990
1540245
101368
123825
1527152
55089
1604841
1773549
77905
387456
1744251
1729819
1787091
494406
240886
1527055
1604700
424903
428922
101533
1604061
1799357
424985
1539207
109322
260397
1616750
1538605
71463
491974
1732173
1539670
82044
1787808
1616173
1726796
334569
1539030
1776812
1778487
1784072
1808344
189129
1788570
264909
338525
1744258
1756768
1776774
252620
1738443
76784
424946
1788306
137089
1781768
1539066
53152
1580830
1634614
1603846
53444
871037
77370
1603834
1809651
1604485
157034
83275
1773544
1744818
106783
1745028
251069
1822980
1778382
1539561
1771550
1778477
107380
1738622
1772660
1539073
1760384
1616006
1808734
1738396
1788773
1801135
1603981
50500
1776435
384107
101107
51097
1771531
338777
76649
1615989
1527658
77193
1604472
1797964
337710
1527248
1581724
1776148
1616147
507486
383925
405428
61897
106063
1764603
1604110
76858
1648387
224837
391771
437363
57262
101112
383859
468979
335800
1774263
380405
378870
1603714
1729825
1744255
331131
442021
1744844
1776140
50976
52225
926203
57275
224081
53901
1604598
1743605
82336
1648428
1794585
1785831
1648870
1784894
70907
1539315
1811962
50271
1782649
76793
1789966
201038
1775235
425288
76506
53889
925408
1744672
1527156
59283
442602
378274
1760358
78183
317171
468433
1778850
869954
59210
1745077
328396
1801850
341294
60512
1580956
1699030
52092
1603694
1794331
1774229
390337
1581906
1616637
472608
81975
60932
1799873
317942
1773538
82181
1738493
1777024
243834
79510
71662
1745070
489869
77698
1731946
1743049
1726807
77072
1615847
435125
241257
1616594
428458
1738537
100898
1634451
59941
1581689
870645
1738665
1776761
1815700
1801848
1616865
51384
54190
82082
50842
1777021
1771551
489523
1797125
54779
1778588
871075
319120
495571
76782
441541
1616004
1744693
315648
1710549
1776453
1738683
1824701
1794605
1604758
1764573
466928
1604388
1726804
869310
330286
274052
1789742
329426
81906
1738455
1634385
1733804
58092
470463
1738680
82546
472899
136280
1581937
328861
1539693
123526
1785025
1787690
265948
51250
54614
1778792
57001
1738395
1538601
333354
78162
1744472
475781
1604075
1539438
1538926
1616611
82851
50710
55415
429701
1731218
52294
215224
1616111
210572
1616524
1738383
1774910
1744807
1795892
1788250
1726800
493302
1539179
191231
1744481
492230
1616313
1800596
1648413
1539096
443842
123560
435052
1581639
1808227
360106
58049
1744460
445343
1539081
1738685
1806340
360781
53346
471102
1735234
1649255
1788600
78339
1783608
59287
1526883
1527504
1738625
1581636
1756892
83475
1781654
1616473
526824
493342
264705
1791911
1744435
1783466
102137
491022
54488
1581967
520789
1738297
71199
61583
333105
276121
1801746
319198
71297
76531
517460
76392
328126
200417
491536
1778623
266757
1539459
1801053
54325
1738606
1756778
1744257
382550
1743274
329027
49892
191315
1764629
1604371
1788328
1756500
318358
1527443
1743020
1616379
1744617
1776828
1744885
1738681
263580
58574
342112
1744502
870293
1527097
1778898
1760185
1733759
1726827
82453
1738677
322598
1539042
263365
1800964
72109
1744445
1688414
51952
205882
76465
111964
65149
100558
82234
56342
1738473
324959
1738508
51829
1539243
79544
1783406
1738581
139114
1764602
315688
50888
138848
1744689
268371
426374
1526749
1787118
50827
272986
110048
492938
77163
384335
214770
1527089
1744294
240418
188454
1744449
1540171
1648894
1744239
427830
194571
872338
50733
203455
1616082
1738574
255427
871936
101670
387183
72355
49861
1786541
444338
429198
1744441
1580828
54224
1648429
1744276
1787112
611657
1738408
1785640
377742
325551
1616250
1581933
1539366
198274
473148
1581493
1795893
1519437
1772633
1581282
1781962
77210
1813533
1726826
1744644
1764664
1783323
78711
1745073
492382
51984
241147
1648415
495212
1744840
428632
1787622
466807
1527568
334178
248001
108078
1539234
325869
79171
1538813
243513
315979
1800563
1774274
52916
1788143
1791532
1616661
1813240
1787297
78038
1539052
1526871
79590
77766
1791249
76655
1756621
1793926
391460
1760149
1777083
1743442
196217
1615966
1788676
1772658
1824507
189096
1745032
100713
467803
1540155
76678
1803226
323939
316123
1604587
385185
332123
52136
1776460
81956
54580
1744482
120979
1649495
1539842
1783239
519337
1738609
56717
1787648
924817
1649007
1649048
1539071
1744845
57433
55940
1773474
489771
382320
492680
1764577
78879
466691
1581169
112741
1744454
1738301
1616930
134645
1526674
106072
1796441
77265
323235
1538590
1744686
1784158
82461
1775707
1527338
1756799
424991
1788262
1797115
1744681
1803486
871755
496855
516013
1781744
491395
442765
1540011
126227
1711137
1526582
346757
441281
1730775
1776752
428631
1787185
1526680
1808663
72942
1540311
1771542
442118
1539063
490140
402194
137576
76909
315381
390934
1738674
244213
1581301
927281
1738315
318530
1539689
141412
76934
1787561
493730
467914
138589
1744418
1738298
77104
441428
428514
76875
442148
1540139
1604624
1799793
82351
1526724
101839
1648952
1581487
471900
1581751
1526994
50778
76783
869253
466233
78462
64647
466842
1634590
1738515
1744837
430744
192721
1526688
1791502
70841
72403
1798493
56058
1738624
64814
1778364
468000
54260
1527009
1778439
356794
869342
1616822
426127
392120
79378
205607
1732171
445472
1616873
1649035
1738472
1784872
333564
1738347
390774
1603964
77822
438833
246822
1710440
72370
1738536
101432
1743441
1615828
1760127
1616869
1539961
137763
82526
444361
1616586
82536
1581856
77143
1778564
55122
1538735
49974
136813
507705
1538675
1756618
50043
425680
1776809
1794381
78715
78847
348380
385193
77428
1771535
78572
206482
1649512
1738325
100617
134510
1526875
338651
1743042
1826532
1738495
1738594
424967
54358
52597
1581660
467610
67568
1779000
1738521
1538883
82231
78943
77132
112113
1798197
134456
333391
1797354
1581521
515467
1710222
1809417
323946
193294
1539386
52987
1744277
425001
1615999
386247
438934
1817859
102139
1738407
1781505
1774220
240084
316204
1743402
1604074
1527466
1539200
71011
55125
1604578
1738302
111533
1804219
139975
1772674
101890
443819
473159
340232
101022
1616564
1731197
127974
50844
380249
51171
1776101
1744706
333695
1812001
1771742
493414
68522
1773490
425166
1581666
425812
58328
386560
1787254
1726823
1799084
1527289
1738552
315133
1771555
77843
335125
1744221
1738370
1738582
1803505
331561
473012
1791354
1743475
77696
492391
1604584
1738332
70734
1790033
1786376
1744654
1794524
82417
269600
1794286
442986
76908
1604209
1540005
78079
53469
82402
1526388
476225
1764571
1738607
332012
57537
467560
1820566
337255
199095
62646
1782245
53282
1744466
1787660
101373
472839
1604722
50608
1744809
1774877
1527228
1581684
1738390
1738448
1817852
425972
1648787
1527125
1760313
1581023
54991
141153
1772666
1756571
1645023
334681
194115
81941
1581676
134800
1581533
78981
1581869
1771622
1527135
53550
70824
1794668
1823535
59776
1738555
337056
319559
1824665
1581696
1649249
439233
1799520
1616677
1581559
1776067
101285
56441
1776794
220851
1649037
1731944
72419
1738425
1781525
1582024
1745042
194762
82014
1738687
1798319
1527160
1738627
1744431
1760121
240809
1538524
429089
1738524
380941
1826515
55205
1772698
67708
467786
1743030
51695
1604668
1789072
926901
78588
1786363
1787953
77920
518709
473603
924482
1616237
101100
51201
77421
426060
188213
425269
76664
70933
1783241
51530
1526623
52548
472290
1745085
381256
527462
338891
522160
493131
1738705
432024
1743647
63182
1756748
1634342
1771602
1603892
1539064
335843
1787671
1797556
340961
134552
386226
337416
1794313
53837
1801711
1771684
78212
425829
489910
1648657
194390
140488
926744
1648960
1538891
78039
270601
1778891
246042
1812611
1744670
113004
475029
77006
1539178
442961
50759
140160
70775
1648948
1738372
1634370
1526484
1815758
71352
54479
611592
1778704
106456
1738612
57390
52808
1787577
1786896
49764
1809728
262364
1744451
50965
1743413
341438
333377
266239
1538695
1738446
1730412
1604049
1539058
1743705
50876
1604098
240306
331788
1787086
466705
1738420
1581238
926282
1788305
101190
318794
326476
1738341
1527282
1772664
1581842
1538846
198867
426120
490053
1738588
471962
1778811
1648411
64373
1732159
101863
1778714
82567
1526907
1771528
82903
328673
54876
1756489
869013
1783794
1797092
78938
466584
1539498
106797
1826513
1738534
76960
71566
1738429
1726837
52356
475086
76659
341390
1540000
522441
1634461
1603894
475701
1743382
1744256
78650
1527500
63039
872498
72037
522613
346467
611207
1582049
1527181
427860
1729222
106407
1778698
1526549
1743699
315814
1526676
1738641
1772631
1648906
315075
1777109
871799
82104
1771726
1789359
82214
1794429
62453
1800190
1775253
1784243
1774213
475463
1539661
1686366
390686
1732196
491673
347485
1738690
1731227
1526757
78669
1649097
78238
475089
1648929
78911
67201
361212
1540109
50649
1526668
53004
78961
61281
83251
76979
1760363
1786910
442863
50522
1738464
428687
1733548
1789829
1803572
1824713
387001
334586
471723
59306
377354
66869
1745076
1785971
1775194
1744862
1786865
1744289
1527241
78919
221468
1772638
442376
70900
154957
1538850
1772634
492516
508449
1745065
83371
64993
1823074
208143
1527130
1744252
1526869
210763
50769
1527499
1527520
127001
336093
1771592
67530
1738382
1738388
466389
1744250
190914
1527455
50923
50125
1800598
1604500
467801
1582043
1745027
55343
924838
60794
1787538
467915
334584
1634516
1776452
442783
1779085
1738597
62143
1538509
1527667
79658
1738714
77013
244083
1744302
1788755
71197
1526373
139820
1744816
1539045
1773519
1581258
1778755
1774230
1771677
1581778
1581050
67250
473420
442366
1786393
1582041
1604183
1760361
1738475
148180
1744660
341367
1738568
263541
336901
56789
1783210
1634344
524181
1616199
77935
54231
82474
1615859
1777087
204618
1648332
1604089
360112
1634687
1778921
425826
1812698
361544
64964
81981
518170
491761
201103
1778769
1776085
140270
190933
1773510
1778463
1789496
77305
1616560
338261
324460
1526891
1797398
1760142
1781693
496088
135968
443615
264858
106106
425000
1604112
1738676
1777102
1527247
51202
1773536
1772673
70909
1539136
1738379
1738697
1774214
345395
1581743
1526832
1526460
1742995
492381
1738647
1728779
506784
1800615
83357
1744305
1788487
77953
473131
76735
55923
315606
1744316
495559
83324
71065
252233
378380
1788194
50145
77109
156143
1648769
1782536
1738592
1738532
1726803
76389
1527178
434987
1743277
441134
349843
1526585
1526958
442404
1527220
1744307
1581939
1738451
1778478
1527412
273006
82387
1743076
1581439
154740
147303
1728823
383154
1745024
1732178
82149
77519
1738497
1539685
1738662
158949
1738424
1783761
1744819
428952
424905
1738412
1773512
1527290
1604794
1788609
1738523
1809451
124910
1755743
1744880
1756545
76852
1732166
106450
1582047
469851
474460
425197
926999
1744673
1773491
507807
1580992
1807772
50288
276896
1744232
1539594
50372
518335
1738343
1527199
1776379
1772700
1603830
1778373
1738326
426522
1616376
1604063
1645128
197956
78899
1744661
1581015
60126
1648735
1764624
1781695
1772655
1744235
1787127
361119
379287
1775712
380916
106264
1615962
1539839
50471
492046
474512
1738365
101525
492971
1771533
517775
51940
51711
1527217
1616056
470958
466178
325044
1738651
1799820
1538915
441073
77600
1729215
316559
263811
466064
387810
1604731
61895
327901
1787158
1732194
1779057
77172
1738476
1726818
1789160
1744698
1738462
205026
1817894
1539285
871772
315395
1778794
1738679
136355
1581412
50345
241907
201848
1615856
471864
1775705
53767
441946
67212
240113
1581828
1744656
1526503
1538826
1738320
51896
1634581
1738328
106217
1581690
466688
332108
1787780
1745052
1539977
489839
1616305
1824003
82875
466623
1771575
1777215
79394
1778480
1738360
72779
1785486
60603
1772654
1526492
1744620
1778685
1738421
612324
78682
1785932
57939
54670
100911
1745011
386498
81909
1648950
1775638
1538867
507361
1738570
198830
123976
380446
1581480
1774259
466496
110062
442869
927127
1785363
1526435
1539934
1539935
1824352
872241
1764615
1526541
493282
468493
248219
58040
1738490
1789351
139768
496785
1539318
1738710
611356
1581793
1738471
211081
190957
1756552
1538958
470087
1760103
466322
332204
380259
425980
335146
1673398
467058
1526413
425519
1604066
1584701
388203
77357
1744260
1812774
1538635
1738463
467826
505030
1778900
136420
54971
1826503
112339
1581333
1731943
1527080
424973
1728787
526329
59912
77825
54438
1772647
76723
1789185
145325
101390
76406
196988
426878
52890
1538818
1732704
82139
1779089
1797111
1744259
77926
473835
1519641
259441
76943
1527232
1789568
77499
1581602
1738500
1776788
1581687
1791585
528456
1527693
489572
1634574
1539248
1743692
1784011
1743008
58151
1726799
318099
1738428
100563
214973
1738422
1774885
1581722
106260
56007
243710
53537
82703
219654
78280
82303
442082
83119
1527227
1581182
472634
1764622
1795379
78643
51702
1538676
319572
1527176
1738381
424945
134620
1797109
101163
62905
1581734
52794
347041
1800564
1581167
1581591
76473
1581883
53714
52175
78687
60060
111066
1786553
1540214
58493
405209
136661
1539121
1648835
58095
1526893
57471
52666
71378
61170
79463
375880
468514
77002
1581661
241785
1539276
1781874
407162
443844
52929
54467
1538746
1732706
1738600
1649454
428466
77950
82988
78609
1738392
61529
1604383
332700
194397
1801094
1774225
1788748
1634573
263685
50173
138692
267844
492745
1776070
442974
333101
54818
210494
202804
139848
1795904
78289
1775196
55043
1778865
445604
1776122
1776111
925034
76524
1733539
1802470
872596
1634576
428818
431945
243229
1648606
77304
1744820
1744508
1744503
476302
375827
1783999
1650589
1581739
1771728
1784918
1787368
1785835
1776456
77349
1778579
60070
1745022
1789981
1738617
870611
1800765
137562
1799364
388987
50485
1581199
76689
1527153
1772677
1726797
1738704
247792
49841
1604675
223419
1539666
106397
1778363
1810891
469165
1616898
354450
1756954
315515
442462
192585
145131
51934
1777099
100575
213325
1744488
328609
1539474
1774273
267472
78541
1800597
1824797
53517
442055
1726813
495450
1783550
1772639
201056
1744270
1539509
1603957
126283
1744249
81960
213926
334505
489570
126334
1527634
490234
140378
1634447
58284
54415
78848
441115
60457
215814
206760
214937
83261
1778700
1783415
275274
1733603
441074
1744701
1648268
1744842
61050
77858
258996
136816
106069
216874
1776451
1738655
924621
440872
1604837
505276
467491
385770
1738577
1776748
76486
390199
106077
76809
1776776
100791
187945
388215
1539950
76612
1745044
339278
55254
1738327
266091
1789878
241614
76854
924132
265800
1649381
1796410
1540306
50607
82251
467777
1581055
155111
1738389
1784116
470140
1526722
53498
1774251
507758
442197
330920
1773545
1581638
50931
1540020
1772672
101268
78304
340319
262240
1744504
1783356
194102
167794
1776766
489788
1539389
1798331
1798577
441589
1773497
72276
1526905
266156
1794252
83278
443618
1774898
124100
1539990
1745021
1539683
1738314
1742997
506477
1581564
472358
1745039
270369
250752
468331
1797110
1738403
1607657
1657191
1788177
1822954
244303
50808
1776808
60462
425017
62884
1764576
1526671
1807876
1539506
82672
72408
472332
1771682
1526535
1794569
428401
134527
262481
1744684
494653
1743216
189990
77813
1731991
1604471
1802254
1581204
318341
871086
1738303
495553
1744806
1772630
138486
1793510
1764638
224094
253153
1778462
1743627
1756789
1771748
1738654
1738366
342366
1738535
1649225
202898
332374
1538665
471014
1540158
101812
1801694
362410
870407
1526686
76447
438999
1726806
495545
925256
111039
379286
1603718
1649043
1772649
1785250
1738637
76641
1785829
1580834
1540031
331503
78084
1649081
77679
72447
1798342
1649520
1580916
1788296
1738503
77830
348232
1781776
1782398
1581810
1778895
1604484
1787522
1825845
1744263
1604028
106373
426051
1744498
61196
1526570
1738406
1581940
50046
82991
76685
139506
1760248
70753
475733
1527058
467983
1738636
442042
490515
1801547
442092
1527229
429101
1604818
1580957
52531
1603921
475850
1744285
108157
147633
1744437
1800803
1744315
1775260
438692
1604123
1787825
445379
1581837
199666
56001
1809450
1732189
1648607
66181
53794
1634466
1648677
56444
53878
1581422
78332
1778447
1580939
1581923
442696
1649101
56039
125643
318378
362436
1526987
1539119
1580833
1801781
335789
425158
240312
1527038
1744267
77390
612405
1603778
1604843
1778940
1603745
474990
66436
66626
869344
1616747
79493
424995
78338
1539417
1772688
527593
60799
76528
1726790
1743031
1738544
383077
204051
200941
1735252
242672
476232
1787173
107583
101075
1699367
1648331
871109
1802301
77492
134905
1540196
1738411
141587
380346
1788015
1802459
66985
157816
134909
78435
1778774
1743704
1539937
106214
260696
1744483
1778481
54440
137678
1526462
1781748
1772701
100987
1772704
220482
1527040
1744423
1738487
1581408
1764666
255351
1772663
72847
1539696
315851
1738694
1648510
319072
1756569
61370
76779
1738533
49999
405323
1798467
389473
441127
333258
517165
1526433
260389
1539028
1756592
1604693
1581037
82221
1743013
1634456
1526522
1581326
1660906
1745072
1738580
1527010
441096
1527146
1726794
381791
1526518
52193
441944
82381
77562
1649016
253597
1581829
218794
1526806
1738698
72284
1604385
50232
1738518
441356
1604039
106691
424784
1791946
1809070
57375
1743582
77878
50118
1783570
1743691
72241
1527190
1604552
1773543
1527397
1726844
1788551
67107
1527633
1648707
1756931
64666
468459
492006
348222
1744696
1756742
340559
869843
1778875
1581701
1538779
260350
444308
1820400
51875
1798343
50519
1795908
70980
1777049
476174
77647
1745041
76918
1527236
53583
78166
1615842
213967
82015
386037
1744664
137682
1730439
1738517
1726809
56051
1648733
241624
76602
101424
1738368
1604774
82041
83186
1711185
194497
1773548
53903
425809
261799
1738715
274814
78417
189697
1800383
1738460
1634477
1738337
1738639
1783445
1744448
1794298
1738649
82975
1527091
1771616
424826
1539941
1604565
50775
1603621
476127
338863
1801296
240129
1736462
407630
425332
1648550
