100133
100406
100429
100431
100439
100750
100752
100982
101065
101260
101263
101268
101292
101448
101471
101472
101481
101482
101597
101656
101703
102986
103169
103250
103262
103412
103420
103510
103584
103673
103817
103818
104847
104851
105221
105250
105260
105555
105572
105687
105688
105810
105812
105835
105843
105875
105878
105879
105967
106011
107049
107067
107068
107149
107241
107289
107343
107664
107693
107703
107704
107718
107862
107865
107905
107907
107935
107948
107951
108076
108077
108081
108082
108176
108177
109395
109695
109697
109700
109726
109733
109736
109790
109837
109866
109929
109930
109991
110240
110242
110247
111307
111346
111415
111452
111814
111958
112290
112429
112448
112521
112562
112664
112665
112779
113168
113169
113240
113363
113364
113388
113390
113402
113729
115124
115217
115257
115368
115383
115481
115704
115791
115806
115976
115977
116072
116076
117168
117169
117271
117272
117402
117481
117562
117563
117604
117647
117686
117696
117697
117802
117803
117804
117806
117808
118084
118134
118205
118206
118313
118321
118323
119675
119676
119678
119784
119785
119787
119788
119790
119792
119794
119795
119860
119861
120088
120114
120158
120296
120438
120565
120579
121787
121790
121836
121877
121879
121881
121882
121938
122007
122008
122009
122087
122269
122388
122396
122480
122481
122525
122652
122697
124040
124044
124079
124568
124569
124572
124575
124607
124634
124677
124680
124691
124727
124951
124952
124953
124954
126189
126255
126432
126558
126559
126605
126760
126770
126825
126892
126893
126894
126896
127041
127044
127058
127059
127063
127064
127103
127138
127160
127227
127239
127327
128441
128452
128477
128609
128645
128646
128660
128719
128720
128789
128830
128861
128927
128932
128933
128936
128945
128958
128984
129017
129029
129048
129049
129105
129106
129129
129131
129337
129368
129376
129381
129482
130479
130649
130724
130734
130913
130919
130956
130983
131090
131092
131127
131241
131357
131400
131402
131456
132529
132530
132531
132835
132842
132913
133136
133195
133207
133232
133233
133237
133397
133399
133446
133500
133574
133628
133653
133691
133791
133838
135006
135119
135165
135195
135289
135292
135295
135297
135299
135300
135302
135303
135318
135322
135563
135589
135593
135594
135595
135596
135648
135670
135671
135672
135738
135931
135967
138039
138050
138051
138161
138400
138433
138447
138535
138622
138623
138624
138625
138626
138627
139659
139661
139672
139800
139801
139803
139944
139951
139954
139969
139975
140000
140081
140100
140151
140167
140171
140194
140215
140225
140226
140228
140229
140231
140232
140235
140237
140239
140433
140501
140590
140605
140675
140766
140768
140866
140876
140891
142133
142136
142207
142277
142335
142448
142449
142494
142567
142596
142614
142703
142708
142738
142760
142761
142762
142763
142765
142766
142789
142840
142841
142842
142909
142911
142918
142919
142920
143129
143164
143165
143273
143275
143276
144485
144729
144730
144816
144929
144996
145052
145064
145065
145132
145223
145224
145266
145268
145338
145394
145523
145587
145619
145728
145729
145802
146871
147064
147080
147081
147185
147186
147189
147215
147250
147254
147274
147548
147656
147670
147699
147701
147703
147851
147963
148026
148030
148066
148068
148130
148139
149177
149241
149292
149308
149341
149354
149442
149579
149584
149594
149595
149680
149807
149832
149950
149951
149990
150053
150061
150093
150159
150180
150312
150439
150475
150512
150540
150648
150785
150788
150837
150886
150899
150901
150931
151019
151212
151301
151302
151353
151377
152551
152553
152644
152672
152832
152855
152856
152869
152931
152942
152987
152990
153012
153015
153017
153029
153031
153032
153037
153040
153171
153182
153261
153436
153437
153668
153766
153782
153830
153832
153968
153973
154003
154051
154090
154112
154113
154119
154267
154557
154638
155039
155097
155350
155391
155415
155462
155467
155470
155580
155681
155684
155716
155809
155820
155878
155987
156047
156062
156093
156177
156194
156245
156247
156423
156471
156483
156541
156583
156630
156670
156674
156677
156773
157051
157446
157477
157566
157601
157631
157653
157705
157716
157753
157775
157860
157933
157954
158036
158045
158118
159039
159040
159043
159132
159140
159381
159446
159447
159449
159541
159630
159658
159717
159769
159872
159888
159896
159898
159964
160149
160238
160259
160260
160321
160351
160472
160478
160479
160498
160567
160642
160815
160841
160847
160873
160889
160901
160903
160984
161037
161049
161058
161060
161100
161161
161188
161189
161190
161192
161194
161195
161222
161266
161314
161319
161322
161366
161371
161396
161397
161445
161480
161483
161538
161658
161659
161660
162747
162748
162749
162770
162880
162959
163184
163224
163353
163354
163364
163398
163509
163956
164368
164468
164472
164473
164475
164476
164477
164479
164483
164484
164485
164487
164492
164494
164495
164498
164499
164501
164502
164503
164522
164523
164544
164721
164733
164735
164736
164737
164738
164739
164743
164746
164747
164749
164750
164751
164841
164941
164952
164953
165082
165085
165086
165206
165212
165215
165312
165324
165327
165474
165477
165684
165718
165736
165738
165742
165780
165816
165820
165908
165958
165959
165961
166049
166051
166052
166053
166118
167209
167331
167649
167694
168159
168182
168322
168475
168488
168489
168507
168509
168523
168524
168620
168621
168670
168697
168717
168768
168773
168872
168980
168981
169085
169198
170504
170536
170693
170703
170846
171014
171072
171123
17113
171208
171228
171237
171349
171352
171354
171442
17146
171577
171590
171743
171744
171827
171847
171880
171950
171954
171962
172003
172005
172008
172010
172116
172133
172188
172314
172334
172382
172421
172434
172458
172540
172887
174070
174090
174091
174093
174098
174100
174208
174378
174381
174401
174466
174525
174563
174564
174582
174583
174632
174636
174662
174694
174736
174739
174741
174745
174782
174785
174786
174880
174882
175010
175082
175131
175209
175221
175230
175276
175304
175393
175468
175502
175550
175551
175552
175553
175609
175645
175685
175852
175854
175876
175878
175883
175895
175994
176074
176185
176188
176190
176246
177417
177431
177436
177537
177539
177751
177822
177823
178231
178259
178349
178505
178557
178560
178564
178731
178742
178749
178769
178787
178810
178812
178814
178816
178841
178844
178845
178867
178902
178910
178917
178919
178923
178926
178954
178971
179005
179078
179083
179084
179089
179092
179094
179095
179100
179104
179106
179111
179114
179115
179118
179158
179167
179308
179339
179348
179390
179417
179420
179421
179478
179612
179629
179684
179743
179918
179990
180002
181195
181239
181268
181339
18152
181621
18170
18171
181933
181950
182045
182120
182121
18215
18216
18217
18218
18219
182282
182295
182377
182382
182524
182591
182595
182601
182633
182635
182641
182663
182673
18277
18278
18280
182820
182828
182830
183109
183267
183304
183344
183438
183584
183586
183590
183666
183667
183718
183719
183836
183837
183867
183925
184138
184143
185158
185425
185559
185821
185971
185975
186033
186105
186133
186595
186692
186701
186747
186748
186800
186808
186814
186842
186880
186883
187107
187189
187221
187342
187365
187504
187521
187630
187658
188643
188660
188669
188791
188793
188794
188807
188963
189115
189278
189279
189568
189966
190111
190144
190153
190154
190261
190274
190434
190496
190538
190595
190637
190655
190821
190826
190828
190830
190832
190835
190837
190839
190898
190925
190963
191050
191075
191076
191316
191489
191565
191568
191674
191693
191695
191706
191708
191710
191711
191717
191981
192001
192003
192095
192215
192361
192511
192529
192544
192571
192616
19280
192941
193004
193040
193064
19308
193098
19312
193161
193229
193231
193287
19329
19330
193401
193448
193508
193509
193515
193543
193545
193600
193622
193662
193666
193668
193681
193744
193770
193835
194831
194834
194835
194836
194838
194875
194883
194940
195111
195124
195387
195407
195490
195495
195541
195585
195723
195735
195776
195873
195912
195948
195949
195950
195951
195997
196002
196032
196037
196040
196059
196061
196065
196119
196186
196296
196313
196664
196677
196678
196683
196694
196696
196740
196783
196784
196910
196929
196937
196941
196943
197044
197181
197246
198459
198465
198470
198483
198742
198778
198782
198784
198816
198922
199092
199093
199095
199096
199097
199100
199101
199220
199222
199237
199406
199461
199464
199599
199610
199829
199855
199860
199879
199880
199923
199929
199943
199950
200128
200159
200161
200402
200414
200455
200477
200565
200650
200654
200727
200728
202005
202006
202166
202265
202267
202335
202399
202424
202429
202440
202478
202549
202709
202712
202714
202874
203091
203175
203176
203178
203182
203185
203187
203188
203191
203275
203278
203325
203439
203592
203625
20387
20389
203906
203981
204069
204070
204071
204114
204116
204214
204227
204236
204250
204255
204349
204557
204561
204565
205718
205747
205972
206195
206281
206283
206284
206285
206286
206288
206491
206754
206875
207043
207066
207178
207192
207195
207197
207202
207255
207326
207338
207340
207392
207393
207394
207395
207594
207596
207608
207644
207670
207753
208158
209708
209709
209710
209711
209721
209796
209850
209851
209914
209915
209918
209932
209933
209935
209948
209949
210004
210005
210025
210099
210104
210105
210117
210137
210180
210220
210233
210234
210236
210245
210258
210376
210433
210645
210650
210704
211240
211456
211540
211596
211626
211930
213174
213259
213263
213349
213488
213565
213645
213828
213875
213876
213971
214015
21408
21412
214134
214142
21417
21421
214224
21425
21432
214331
21435
214432
214433
214468
214484
214582
214705
21474
21480
214918
214942
21500
215014
21504
215160
215162
215211
21525
21526
21568
216452
216586
216589
216594
216596
216600
216605
216681
21680
216812
216815
21693
216982
217028
217033
217145
217146
217147
21716
217521
217677
217697
217699
217768
217935
218197
218266
218275
218366
218368
218532
218592
218594
219778
219781
219845
219846
220059
220082
220387
220406
220407
220466
220468
220469
220470
220473
220548
220711
220730
220757
220787
221038
221169
221170
221171
221185
221330
221344
221720
221722
222787
222788
222819
222820
222822
222855
222889
223065
223077
223195
223281
223327
223374
223375
223377
223386
223387
223392
223395
223402
223428
223450
223452
223685
223687
223722
223747
223828
223836
223837
223842
223903
223919
224166
224297
224335
224337
224338
224339
224410
224411
22502
22516
22541
225622
225910
226152
226157
226171
226176
226192
226486
226580
226755
226758
227787
228049
228050
228074
228325
228483
228652
228689
228747
228748
228750
228851
228907
228910
228979
228986
228987
228988
228989
228990
228991
228992
228994
228995
228996
228997
228998
229001
229063
229094
229204
229209
229264
229272
229293
229436
229586
231174
231176
231221
231224
231253
231342
231358
231425
231426
231427
231540
231697
232128
232133
232134
233424
233480
233483
233821
233873
233882
233884
233890
234085
234093
234102
234190
234314
234354
234413
234482
234511
234512
234516
234553
234556
234557
234738
234809
234825
234828
234858
234859
234861
234864
234865
235036
235089
235432
235517
235524
236999
237034
237124
23713
237155
237317
23731
23734
237407
237587
23760
237665
237668
237726
237742
237763
23779
237816
237866
23788
23789
237940
237944
238031
238122
238345
238410
238544
238757
238817
238830
239898
240092
240095
240361
240609
240846
240847
240876
240894
240939
241106
241311
241533
241534
241748
241769
241808
241810
241880
241882
243232
243233
243241
243269
243273
243275
243302
243303
243304
243395
243397
243585
243664
243854
243855
243856
243862
243892
243942
243976
244094
244263
244268
244458
244470
244487
244563
244801
244872
244875
244989
245332
245759
245762
245900
245904
246077
246168
246224
246296
246297
246298
246763
246790
246930
246970
247167
24782
24833
24874
24875
249409
249541
249555
249559
249705
24971
249734
249737
249785
249826
249842
24984
249937
24994
25003
250048
25004
25005
250090
250091
250168
25016
25017
250234
250356
250438
25059
250601
25060
250629
250773
25081
250861
25101
251320
251324
251325
251326
251328
25145
25146
252694
252712
252886
252894
252899
253191
253207
253209
253307
253539
253679
253732
253735
253736
253737
253738
253743
253745
253746
254060
254068
254394
254399
254440
254442
254443
254444
254445
254447
254448
254482
254484
254485
254524
254623
254638
254751
254845
256244
256523
256556
256566
256567
256575
256646
256977
256980
256997
257073
257283
257398
257415
257626
257789
257806
257823
257892
258031
258079
258403
258404
258424
258425
258437
258438
258471
258740
260084
260117
260342
260571
260684
260687
260826
260908
260909
260981
261547
261549
261610
261624
261737
261738
261761
261857
262010
26211
262238
26231
262342
26237
26238
262451
262456
262474
262489
262490
262659
262703
262704
26278
26282
262933
262939
262940
262941
262991
26326
26333
263458
263475
263476
263521
263557
26357
263847
263901
264060
264118
264120
264137
264138
264370
264581
264659
264675
264882
264906
264907
265873
265874
265875
265876
265981
266529
266544
266594
266964
267004
267482
267808
267839
267842
267846
268928
269115
269116
269119
269551
269712
269952
270321
271419
271427
271434
271436
272159
272182
272573
273169
273200
273214
274540
274696
274711
274712
274715
274828
274860
274872
274874
274878
274891
274913
274932
27496
274976
274977
274978
27498
27500
27501
27502
27503
27506
275107
275519
275662
275683
275729
275827
275865
275903
276194
27623
27639
276419
276439
276451
27669
27679
276846
27688
27701
277049
277158
27718
27719
277537
277542
277543
277566
277779
277786
277788
277805
277806
277808
27780
277823
277824
277825
277833
277834
277879
27871
27873
278961
27899
279021
279029
27903
27904
27905
279092
279218
279239
27938
279396
27945
279467
27956
279752
279769
279790
27998
27999
280011
280028
280076
280117
280134
280161
280187
280190
280225
280235
280385
280390
28104
28106
28113
281406
281601
281603
281650
281913
282021
282022
282023
28203
282184
282210
282293
282326
282328
282341
282359
282453
282558
282568
282572
282573
282624
282644
282650
282668
282669
282670
282671
282676
282677
282709
282710
282711
282785
282787
282837
282874
282877
282880
282881
282896
282963
282967
283174
283208
283277
283384
284551
284576
284676
284680
284706
284751
284898
284943
284946
284966
284983
284988
285151
285163
285168
285208
285234
285474
285545
285546
285702
286278
286316
286466
286625
286684
286685
286686
286688
287722
287723
287724
287725
287828
287945
287985
287986
287988
287991
287996
287999
288088
288104
288165
288198
288200
288496
288514
288546
288576
288613
288674
288675
288689
288691
288700
288702
288872
288892
288980
288984
288995
289010
289022
289261
289446
289464
289503
289510
289572
289587
289590
289593
289594
289596
289599
289600
289601
289604
289607
289609
289655
289669
289671
289672
289677
289805
289902
289947
289951
290029
290032
290038
290047
290258
290543
290544
290571
290581
290694
290750
290758
290893
290894
290909
290910
290911
290957
290958
290976
291864
291867
291870
291926
292216
292261
292291
292292
292303
292381
292414
292415
292418
29241
292444
292603
292608
292784
292885
29303
293080
29320
293356
293357
293397
293487
293488
293503
293574
293575
293576
293577
293578
29357
29358
29360
293677
293678
293685
293794
293796
293797
293798
293838
293892
293916
293943
293961
293998
29414
294191
294244
294245
294246
294341
294354
294402
294446
294515
294516
294572
294573
294574
29566
29567
29579
29581
296041
296120
296125
29612
296284
296285
296286
296358
296450
296472
296473
29657
29659
29660
29661
29662
29663
29664
29668
296718
296719
296724
296728
296729
29672
296732
29673
296833
296885
296922
296942
296975
297064
297068
297308
297309
297347
297461
297466
297508
297526
297527
297643
297644
297708
297807
297808
297825
297826
297836
297838
297839
297840
297849
298035
298054
298098
298099
298105
298108
298111
298156
298314
298316
298352
298518
298519
298545
298548
298563
300033
300130
300132
300160
300221
300228
300238
300239
300410
300457
300458
300755
300759
300794
300840
300877
300887
300890
301049
301051
301066
301138
301225
301305
301377
301540
301555
301661
301697
301783
301800
301907
301945
301946
301993
301994
301995
301996
301997
302132
302335
302462
302618
302748
302757
302768
302790
302854
304027
304029
304030
304033
304057
304069
3040
304116
304154
3041
304202
304207
304209
304352
304933
304935
304936
304937
304940
304941
304990
305006
305019
305190
305199
305270
305326
305515
305641
305723
305771
305790
305794
305819
305820
305948
306023
306232
306235
306236
306241
306342
306367
306441
306467
306468
306469
306561
30657
306589
306606
306628
306800
306915
306917
306918
306919
306920
306922
306923
306925
30693
307086
307090
307091
30719
30726
307376
307377
307381
307384
307387
307388
307390
307428
307433
307451
307455
307479
307480
307786
30781
307876
307895
307931
30793
30795
30798
30799
30800
308038
308039
308042
308060
308090
308091
308108
308118
308338
308348
308383
308385
308393
30839
30840
308567
308682
308683
308773
308775
309023
309025
309027
309029
309102
309111
309116
309132
309306
309495
309691
309717
309733
309735
309795
309838
309881
31013
31017
31019
31022
31049
31062
31063
31114
311153
31115
311183
31118
311201
31125
31130
31131
311378
311422
311509
311512
31161
311711
311713
311832
311863
311867
311879
311880
311881
311898
311972
311974
311976
311977
312053
31205
31210
312176
31233
31234
31250
312606
312608
312675
312703
312785
312786
312809
312822
312919
313108
313152
313164
313230
313231
313232
313303
313397
31362
31363
313694
313698
313699
31381
313955
313962
31434
31445
31495
315100
315370
315444
31548
31562
31566
315694
315751
315842
31588
31592
315952
315958
315960
315962
31596
315971
31600
316047
31609
31614
31616
31617
31625
316356
316435
316464
316480
31650
316546
31656
316599
316601
316609
316610
316725
31682
316936
317034
317069
317231
317237
317238
317272
318455
318565
318572
318612
318683
318767
318796
318841
319041
319167
319185
319261
319421
319508
319523
319566
320177
320298
320308
320324
320339
320370
320403
320404
320406
320881
320883
320885
320988
320993
321037
321095
321149
321169
321249
321300
321301
321434
321545
321571
321572
322596
323010
323018
323023
323088
323089
323090
323171
323186
323271
323315
323324
323488
323516
323648
323764
323904
323911
323912
323952
323955
323964
323965
323978
324148
324149
324150
324152
324208
324209
324212
324223
324224
324225
324226
324241
324242
324243
324244
324321
324475
324870
325055
325089
325092
325093
325184
325221
325224
325461
325503
325590
325616
325675
325760
325763
325766
325771
325835
326798
326804
326886
326963
326965
326983
326989
32709
32711
327188
32724
327464
327473
327475
327476
327477
327479
327480
327520
327521
327522
327523
327524
327525
327527
327528
327532
327533
327549
327594
32761
32781
32790
327916
327917
327920
327969
327978
327979
327980
327981
328210
328257
328290
328297
32852
328716
32878
328890
329092
32909
329238
329307
329336
329368
329377
329413
329468
329508
329510
32956
329579
329601
329603
329605
329610
329611
329615
329622
329653
32974
329878
329898
32995
32997
32999
33002
33052
33054
33077
33080
330864
33092
33094
330966
330969
331084
331085
331086
331369
331422
331429
331446
331510
331511
331550
331555
33158
331669
331784
331786
33180
331866
331953
331961
332213
33225
332306
332322
332332
332335
33233
332473
332790
332793
332798
332945
333362
33348
33349
33351
33353
33354
33399
33416
33420
33427
33428
33429
334910
334973
334974
33498
33500
335010
335021
335023
33506
33509
33511
33514
335169
33542
33554
33555
335594
335596
335918
335983
335999
336033
336038
336173
336176
336295
336296
336301
336359
336376
336378
336380
336381
336382
336417
336447
336449
336450
336456
336461
336462
336463
336601
336814
336852
336860
336879
337062
337094
33721
33728
33741
33742
33743
337590
337591
337611
337621
337732
338098
338163
338344
33838
338406
338407
33843
338483
33848
33852
33854
338575
338921
338928
33893
338941
338943
339009
339044
339047
339061
339062
339180
339256
339257
339258
339259
33937
33966
33994
34017
34084
34085
34087
34126
341358
341359
34147
34166
34186
341962
342037
34208
342131
342134
342338
342405
342443
34246
342498
342502
34271
342857
34288
342896
342903
342908
342912
342913
342925
342928
342929
34301
343037
343259
34325
343419
343432
343506
343582
34372
343730
343733
34373
34374
34375
343770
344105
344109
344210
34423
34424
344329
34435
344419
344457
344465
344466
344529
34468
344945
34496
345010
34504
345072
345136
345183
345223
345372
34540
34541
345540
345542
345789
345937
346000
346009
346010
346011
346012
346014
346015
346016
347051
347264
347267
347370
347692
347727
347815
348920
348921
348923
348924
349336
349455
349456
349457
349458
349472
349651
349799
349800
349801
349802
349855
349939
350115
350117
350124
350159
350171
350176
350722
350790
350874
351990
351991
352295
352578
352749
352790
352944
352946
352984
352985
353089
353614
353908
353912
353913
354262
354275
354276
354336
354413
35494
354981
355154
35525
355298
355395
355512
35575
356069
356111
35621
356496
35668
356696
35689
35691
35692
357060
357113
35714
35716
35728
357361
357438
357451
357597
357599
357622
357638
357645
357647
357649
357650
357855
35817
35820
35824
35852
35906
359077
35907
35927
359308
359324
359328
359330
359423
359482
359489
359583
359584
359585
359588
35965
359793
35985
360028
360031
360034
36008
36010
36017
36026
36090
36091
36118
361231
361423
36146
36149
36162
36165
36170
361799
36187
362091
36212
362143
36221
362252
362254
36243
362442
36250
36271
36276
362775
36287
36299
36311
363396
363648
363896
364055
36405
364110
364113
364114
364240
364299
364300
364306
364311
364465
364761
364762
36492
365050
36512
36516
365201
365203
365208
365312
365316
36550
365934
36607
366084
366195
366199
366260
366268
366362
366466
366882
366940
36700
36713
36727
36792
368166
368167
36832
368452
368512
368537
36855
36862
368642
368646
36864
368653
36874
36881
36889
36891
36893
368960
368964
368967
368970
369034
36903
36904
369052
36906
369112
369124
36913
36939
36966
369779
369797
37023
370294
37034
37056
37133
37136
37137
37140
371420
371472
37147
37158
37166
372066
372127
372173
372180
372190
372222
372327
372328
37235
37237
37240
37248
37255
37257
37266
372684
372686
372731
372732
37303
37305
37307
37308
37310
37312
373188
373190
373391
373436
37346
37347
373722
373724
373726
37396
37399
37409
37416
37417
37418
37424
37431
374486
374536
374537
374539
37463
37465
37466
37507
375235
375236
37537
375479
375485
375520
375521
375538
375539
375540
375550
375600
37573
37589
375956
376102
376153
376157
376162
37643
37644
37645
37653
37655
376593
37664
376709
376714
376715
376719
376830
376832
376839
377315
377321
377323
377325
378626
378628
379915
379916
379917
379918
379920
379922
379923
379924
379925
379926
379927
379928
379929
379930
379931
380268
380270
380648
380665
380692
380693
381146
381183
381184
381234
381238
381239
381241
381844
381891
381892
381895
382071
382085
382574
382853
382860
383126
383887
383896
383899
384017
384020
384071
384075
384225
384228
384412
384414
384420
384733
38487
38489
384919
38526
38538
38539
385474
385476
385477
385478
385501
38594
38649
38664
38667
38669
386845
386898
38692
386950
386951
386953
38702
387050
387315
387617
387967
387970
38818
38824
388390
388439
388718
38892
389041
389051
389169
389339
389340
389343
38943
38944
38960
389691
38969
38970
389764
389978
389988
390086
39025
39029
39034
39038
39041
390440
390579
390580
390584
390591
390593
39062
390660
390664
390676
390677
390678
390681
390771
390772
390773
390776
390777
390780
390781
39079
39080
390829
390950
391187
39122
39123
39124
39152
391618
391619
39167
391757
391762
39176
39179
392043
392047
392093
392234
39275
39302
39303
39331
39333
39334
39336
39338
393683
393684
393933
39409
39415
394586
39463
39480
394838
394844
394898
394901
395035
395045
395392
395460
39554
39556
39579
395830
39583
395885
395887
39628
39644
396456
39648
396526
396575
396660
396693
397237
397238
397240
39725
397362
39748
39766
398015
398073
398075
398080
398099
398102
398128
39815
398246
398247
398248
398249
398255
398258
398274
398279
39835
398389
398390
398391
398398
39854
398555
39917
399225
399425
399517
39960
39961
39967
39969
39971
39972
39981
400325
400330
400332
400341
400360
40084
40086
401332
40175
40177
40181
402006
402852
402856
403023
403024
403025
403164
403440
403486
403584
403594
403595
403765
403828
404038
404040
404184
404344
404947
404965
404966
405013
405016
405105
405152
405155
405294
405298
405696
405697
405699
405935
406182
406495
406694
406695
406696
406701
406907
407261
407509
407728
407735
408471
408668
408718
409226
409277
409583
409584
409586
409697
409878
409926
409942
410119
410125
410142
410388
410538
410730
410791
410842
410848
41106
41125
411367
41138
41139
41141
41142
411630
411683
41169
411728
411729
411736
411738
411802
411953
41196
412119
412121
41231
412332
412335
412432
41249
412527
412533
412750
41287
41289
412941
413024
41302
413142
41383
41385
41395
413978
413988
414040
414041
414042
414043
414153
41447
41475
41482
41484
414868
41494
41530
415480
41553
415748
415799
415936
416026
41634
41658
41671
41693
41700
41701
41708
41716
41717
41765
41788
41813
41814
41833
41873
418767
418770
41886
418884
419055
419109
419163
419254
41935
419490
419541
41960
419653
419808
420129
420130
420131
420132
420207
420315
42045
420581
420784
42081
42089
420934
420937
420938
420939
42094
42095
420985
420986
420990
42109
42110
421138
421192
421193
42137
42138
421503
42153
421642
421644
421646
421774
42180
42191
421922
421923
42195
422080
422086
422133
42244
42279
42283
42301
423043
423048
42304
42305
423096
423105
423258
423266
42331
42332
42347
42390
424228
42424
42426
42428
42430
424379
424380
424382
424387
42461
424805
424813
424821
424922
424924
424929
424931
42495
42496
425126
425128
42518
42524
425352
42540
425882
425940
425943
425998
426038
426050
426051
426288
426290
426295
426297
42639
426409
426502
426527
426529
426551
42669
42767
42774
42779
42835
42836
42855
42859
428640
428841
428886
429043
429270
429271
429273
429274
429275
429913
429917
429918
429980
429983
429987
429990
430054
430114
430786
431401
431417
431549
431550
431552
431554
431642
431643
431644
433615
433769
433777
433979
433980
433981
433983
434000
434213
434215
434321
434323
434326
434328
434375
434389
434713
434811
436335
436337
436652
436782
436784
436786
436805
436823
436900
437025
437031
437250
437251
437257
437306
43739
43740
43741
43743
43744
43746
43748
43750
43768
43798
438147
43816
438482
438663
43869
43877
438883
438884
438885
438887
438888
438889
438890
438891
439029
439036
439037
439042
43924
439344
43957
43958
439855
439904
439914
439925
439976
440085
440089
44010
440113
440166
440167
440215
440218
440221
44030
44032
440427
440444
440662
440667
44113
441155
441303
441308
441462
441463
44151
441537
441662
441800
44196
442199
442460
442586
44259
442695
44280
442947
443212
443312
443313
443314
443315
443317
44356
44365
443854
444127
444138
444140
444141
444142
444153
444164
44461
44468
44470
44520
445317
445788
445854
445855
445968
445969
445981
445982
44606
44624
44629
446377
44643
44644
446528
446894
446899
44692
44694
447026
447212
447343
447344
447398
44744
447496
44755
44756
44765
448196
448335
448461
44854
44857
448700
448702
448734
44949
449572
449620
449624
449805
449812
449815
449827
44983
449962
449966
450074
450240
450286
450288
450289
450339
450340
450344
45080
450814
450826
45086
45136
452059
452060
452066
45258
45262
452937
452986
452987
45336
453382
453471
453534
45360
45379
453824
45386
45416
45423
454249
454314
454316
45439
454508
454513
454535
454539
454542
454828
45487
45528
455322
455335
455347
455418
455419
455576
455577
455634
455640
455687
456068
456636
456885
457023
458838
458839
458856
458859
459063
460586
463846
464277
464283
464287
46463
46486
46516
465324
465327
46532
46534
46535
46551
46569
46578
46583
46584
46586
46604
46605
466313
46660
466710
46690
466916
46722
46732
46734
46760
46767
46799
46808
46844
468754
46895
46898
46913
469187
469193
469195
469197
469198
469369
469372
469376
469518
469522
469525
46958
46966
469734
469964
469965
47005
47006
47007
470087
47008
47009
47011
47012
47033
470374
470477
470631
470640
47069
47081
47082
47086
470882
47091
47097
47100
471104
47128
47129
471317
47131
47132
47135
47139
47145
47147
47157
47159
47172
47214
47239
47247
47261
47266
47288
472951
473005
47310
47312
473145
473150
473151
47318
473198
473491
473492
473494
473495
473496
473498
473500
473503
473507
47360
473623
47362
473700
473703
47478
47492
47501
47502
47516
47570
47578
47582
47583
47600
47604
47613
47650
476711
476772
476774
476776
476839
476861
47686
47691
47700
477050
47717
477209
47732
47745
47755
47774
477968
478153
478210
478358
478367
478477
47849
478585
478589
478646
478701
478702
478715
478721
478724
478725
478726
478727
47885
47886
479067
479129
479596
479604
479780
479850
479853
480321
48042
480442
480495
48052
480619
48072
48078
48097
481068
481176
48129
481342
48140
48149
481514
481909
481913
481916
48201
48209
48210
482120
482180
48218
482193
482194
482209
48227
48231
48232
48237
48240
482422
482425
48243
482562
482772
482773
482774
482776
482777
482778
482780
485021
485022
485188
485189
485310
485311
485315
485317
485319
485321
485322
485323
485326
485327
485334
485347
485410
485416
485475
485796
485911
485969
485972
485984
486242
486551
486859
486913
486920
487134
487144
487252
487360
487364
487640
487893
487894
487946
488121
488221
488489
488495
488496
488497
488679
488680
488788
488840
489022
489211
489611
489728
489799
489863
490312
490313
49136
49153
49164
49165
49216
49231
49232
49234
49235
49236
492460
49291
49304
493071
493073
493075
49314
49318
49380
494094
494098
494103
494104
494105
49430
49440
49456
49477
49485
49487
494973
49501
49520
49524
49536
49537
49538
49568
49570
49580
496010
49604
49606
49608
49610
496205
496341
49639
496414
496417
496419
49643
49648
496535
49654
496586
49708
49719
49720
49734
49739
497448
497749
497797
497898
497899
497900
497901
497902
497921
49792
49793
49796
49797
49799
49807
49808
49809
49811
49859
49868
498729
498744
498745
498747
499044
499142
499608
499754
49980
500019
50016
50024
500273
500430
500951
500955
500956
501202
50130
501368
50140
501474
501483
50155
501603
50162
501813
501814
50196
50197
50205
50225
502276
50238
50263
50264
50277
50294
50325
50343
503768
503773
503774
503783
50382
504140
50424
50430
50432
50438
50440
504549
504768
50483
505210
505318
505319
50551
50559
505613
505829
505830
50596
50602
50606
50609
50612
50613
50614
50615
50622
506357
50648
50650
50654
50661
50664
50665
506844
50687
50706
50707
50716
50718
50719
50720
50742
507472
50749
50764
50787
50789
50810
508127
50820
508655
508656
508714
509004
509427
509428
509651
509662
509663
509672
509785
510079
510080
510109
510777
510795
510796
510799
510800
511345
511346
511347
511348
511349
511352
511353
511354
511355
511356
511499
511521
511572
511577
511584
511585
512163
513026
513387
513388
514676
514828
515035
515261
515311
515313
515627
515630
515877
516372
517676
517695
517696
517703
517811
51789
51798
51813
51844
51846
51854
51907
51914
51915
519181
519191
519200
519206
519207
519208
51974
51975
51976
51978
519805
519813
519818
519825
519826
519828
51989
519923
51992
520019
520020
52007
520132
520239
52059
52081
52086
520883
521030
521286
52133
52134
521576
52170
52174
52176
522178
52236
52255
522793
522904
522979
52307
52353
52357
523588
52358
523593
523939
52417
52445
52446
52449
52451
52453
52454
524931
524932
524933
525412
52545
52576
525773
525838
525856
525911
525964
525979
525991
526190
52622
52623
52625
52627
52629
526355
526356
526357
526358
526359
526360
526361
526363
526364
526422
526438
52650
526560
526562
526566
526746
52679
526853
52689
526910
52692
52694
527022
527081
527195
527338
52764
52821
528233
52846
528497
528499
52870
52877
52906
52910
52922
52928
52942
52951
529826
529827
529829
529830
529832
529834
529935
52996
530005
530115
530116
53011
53025
530560
53062
53065
530669
530674
530677
530746
530983
531283
53194
532085
532086
53211
532953
53311
53323
533393
53345
53347
53357
533658
534101
534102
53448
53452
53454
534585
534612
53461
53463
534723
534802
534807
534808
534821
534825
534919
53491
535239
535240
53537
535614
53564
536010
536015
536017
536019
53611
536141
53749
537804
537864
53798
538022
538070
538071
538073
538190
538202
538211
538281
538559
538560
538565
538866
53887
53892
53895
53899
53900
53903
53905
539086
539087
539088
539090
539091
539092
539093
539115
539116
539120
539177
539377
53937
539387
539399
539400
53943
53948
53950
539521
53952
53958
53963
539654
539944
539945
539946
540021
540023
540024
54006
540317
540327
540393
54053
540559
54071
541318
541529
541637
541678
541689
541693
541699
541826
541843
542057
542058
542061
542083
542089
542106
542108
542109
542110
542114
542115
542116
542117
542118
542119
542120
542121
542122
542235
542236
542237
542497
542498
542499
542500
542501
542767
542769
542777
542786
542853
542855
543134
543135
543136
543527
543580
543957
543958
544131
545687
545745
545878
546119
546189
546554
546555
546557
546558
546677
547302
547624
547989
547990
547991
547992
548346
548348
548537
548540
548990
549112
549356
549419
549426
549427
549428
549525
549527
549529
549531
549585
550091
550163
550165
550168
550407
550511
55053
55056
55063
550665
55068
55070
550718
55096
55116
55124
551287
551581
55160
551782
551785
551790
551794
55182
55200
55201
55205
55206
55207
55209
55211
55217
55218
552362
55259
55271
55275
552765
552766
55296
553082
553085
553089
55326
553346
55335
553572
553573
553707
553710
553744
553795
553819
554085
55408
554147
554151
55419
554505
554566
554571
554576
554578
554581
554582
554591
554599
554615
554616
554618
55498
554992
554995
55504
555215
55530
555322
555403
555412
555480
555481
55549
55553
555553
555612
555737
556052
556054
556536
556540
556596
556597
556607
556794
556834
556835
556836
556838
556844
556845
556846
556847
556850
556852
556853
556854
556855
556856
556857
55696
55725
55737
55742
55765
55801
55802
55838
558652
55870
55876
55889
559118
55915
559698
559702
559710
55974
559768
55981
559979
559982
560019
560046
56010
56050
56053
56054
56059
56060
56061
560760
56080
560826
561039
56111
56113
56124
56128
561726
561830
561886
562147
562151
562215
56224
56225
562283
56230
562338
562339
562340
562341
562342
562343
562394
562423
56252
56253
562557
562564
56257
56271
56282
562901
56309
563378
563379
563380
563669
563800
563809
563860
564051
564251
564253
564255
564256
56435
56437
56446
56447
56448
56452
56472
56499
56550
56551
565570
56557
565633
56593
56594
566162
566163
566287
566492
566558
566568
566574
566579
566580
566745
566780
566781
566935
566941
56698
567070
567075
567078
56708
56712
56713
56718
56720
56724
56730
56735
567370
56742
567625
56764
56767
567698
567700
567701
568193
568256
568257
568313
568341
56846
568564
56868
568798
568799
568804
568940
568956
569572
56974
56975
569807
569841
569842
569905
569906
569913
570260
570262
57026
570273
570274
57030
571541
572013
572068
572188
572434
572436
572437
572540
573003
573004
573083
573090
573093
573099
573156
573561
573565
573566
573726
573727
574081
574303
574306
574307
574479
574551
575297
575302
575354
575361
575591
575601
575611
575625
575626
575627
575630
575631
575633
575636
575687
575689
575917
576023
576037
576108
576110
576111
576228
576230
576234
576238
576240
576247
576279
576280
576284
577946
578470
578529
578530
578538
578539
578540
578541
578774
578847
578959
579012
579094
579108
579109
579447
579565
579566
57977
579866
580171
580174
580241
580577
580628
580634
580809
580810
580811
580812
581125
581425
581561
581562
581685
581740
581886
581903
581904
582011
582077
582133
582234
582236
583629
584705
584773
584790
584793
584804
584810
584812
584820
584956
585080
585148
585150
585502
585761
585871
586468
586470
586524
586527
586529
586531
586534
586536
587034
587093
587398
587566
587567
587569
587570
587572
587642
587766
587812
588167
588510
588641
588645
588816
588935
589183
589186
589211
589404
58954
58999
59010
59012
59019
59039
59044
59064
590701
590702
590703
590704
590708
590710
590766
59103
59126
591489
59159
591765
591766
591768
591769
59189
591925
591930
59201
59218
59222
592413
59242
592469
592472
592550
592551
592552
592553
592554
592555
592556
592558
592609
592610
592623
592625
592641
59275
59277
59280
59282
592872
592995
59321
593266
593791
593797
593798
59379
59380
594000
594019
594070
59409
59411
594135
594136
594138
59414
594219
59423
59430
594441
594513
594548
594605
594613
594630
59470
59488
595015
59514
59528
595351
595423
595424
59550
59552
595727
595732
595739
595740
595741
595748
595749
595804
595909
595910
595911
595912
59595
59596
595979
596105
596220
596722
596726
596733
596736
596756
596758
596759
59675
59679
596844
596965
597082
59710
597291
59738
597462
597463
59765
59767
59768
59769
59775
59777
59781
597842
59784
59794
59845
59847
598521
59852
598720
598773
598827
598878
59889
59897
59902
599233
599235
59947
599607
599957
599958
599964
60022
60023
600258
600316
600388
600543
600751
600753
600807
600859
600973
601141
601143
601151
601257
601325
601383
601693
602163
602164
602172
602292
602293
602294
602357
602359
602368
602432
602827
602828
603005
603006
603007
603009
603010
603011
603014
603067
603068
603069
603070
603072
603073
603076
603077
603079
603081
604957
605256
605257
605459
605465
605469
605470
605579
605739
605740
605741
605742
605771
605991
606174
6062
606586
606587
606648
606649
606650
607184
607367
607937
608297
608523
608640
609025
609515
609517
609518
609519
60951
60962
60985
60987
610001
61020
61030
61038
61054
61080
61096
61115
61135
61144
61167
611824
611826
611884
612094
612316
612334
612342
612344
612456
61245
612580
612598
612610
61270
613050
61310
613624
613934
61393
614203
61430
61431
614332
614338
614586
61468
614921
614936
614938
615014
61501
615037
615042
61507
61517
615201
61536
615386
615408
61540
61545
61561
61564
61568
615861
616138
616195
616250
616253
616381
616383
616384
61638
616500
61658
61692
61698
61699
61700
61701
61708
617611
61820
61821
61822
61823
61825
61828
618408
618474
618529
618535
618921
619341
619699
619702
619726
619926
619927
619928
619929
620130
620250
620372
620694
621095
621311
621319
621330
621333
621337
622034
622215
622468
623647
623782
623837
623843
624258
624260
624261
624264
624374
624698
624859
624861
624863
625208
625320
625613
625614
625742
625853
625862
625867
626042
627090
627092
627100
627105
627190
62752
627744
627745
627746
627747
627748
627829
627837
62788
628063
628064
628065
628111
628129
62814
62815
62816
62817
62818
62820
628293
62844
62848
62856
62859
62861
628668
628669
628670
628671
62868
629002
629112
62914
62920
62949
62952
62983
63049
630538
63067
63069
630761
630762
630763
630765
630769
630771
630831
63095
631317
631318
63140
63142
631514
631653
63176
63178
631828
631829
631830
631832
631833
631834
631899
631900
63214
632417
632538
632642
632928
632935
63297
63300
63309
633157
63316
63320
633373
633374
63339
633463
633540
633661
63372
63373
63383
634013
634346
634353
63437
634539
634542
634819
63481
634840
63485
63486
634909
635109
635111
635171
635345
635483
635484
635486
63550
635597
635610
635612
635613
635614
635678
635686
635732
63576
637345
637594
637598
637606
637618
637620
637621
637684
637957
638012
638068
638579
638580
638591
638650
638855
638968
639118
639120
639128
639129
639134
639135
639147
639149
639161
639267
639277
639278
639279
639283
639289
639293
639294
639296
639301
639303
639314
639333
639334
639335
639357
639373
639376
639386
639387
639393
639412
639482
639487
639489
639490
639494
639527
639759
639760
639761
640763
640780
640789
640809
640824
640885
641062
641092
641126
641134
641145
641146
641162
641195
641211
641240
641251
641301
641422
641449
641450
641459
641465
641483
641506
641548
641556
642590
642637
642639
642643
642644
642646
642695
642698
642704
642716
642796
642820
642822
642841
642889
642961
642997
643000
643047
643065
643069
643087
643090
643096
643133
643144
643145
643146
643147
643150
643152
643160
643191
643222
643224
643225
644083
644110
644265
644266
644302
644324
644331
644388
644390
644395
644396
644437
644456
645447
645555
645557
645570
645571
645624
645704
645707
645720
645748
645749
645751
645755
645845
645846
645909
64590
645919
645920
645944
645945
645947
646058
646109
646136
646151
646175
646200
646248
646254
646255
64627
646282
646342
646353
646369
646440
646453
646456
646502
64650
64651
64652
646542
646546
646559
646565
646578
646596
646621
646626
646648
646678
64672
646730
646731
646732
64673
646784
646785
646786
646787
646789
646790
646791
646793
64679
646808
646863
646867
64696
64698
64707
64740
64741
64753
64767
64771
64773
64774
64776
64777
64778
647844
647846
647866
647900
647903
648039
64804
648086
648088
648123
648129
648140
648142
648184
648197
648306
648336
648337
648342
648375
648420
648448
648467
64848
648502
648507
648508
64876
64878
64902
64904
64907
64919
649442
64947
649491
649507
649537
649538
649539
64953
649540
649572
649639
64965
649673
649704
649795
649796
64981
64983
649844
649845
649846
649855
649876
649878
64987
64988
649891
649896
64989
649925
649961
649992
650007
650028
65003
650043
650055
65061
651037
651042
651059
651075
65108
651102
651115
651195
651286
651314
65136
65137
651430
651520
651557
651567
65156
651570
651617
651623
651624
651631
651728
65172
651736
651746
651748
651780
651798
651810
651814
651858
651920
651947
651964
651982
651998
652024
652076
652128
652162
652214
652224
652225
652226
652259
652295
652320
652357
652431
652480
652485
652490
652491
652496
652540
652570
652571
652653
652656
652657
652690
652708
652712
652713
652715
652726
652727
652761
652814
652855
652884
652885
652930
652931
652932
652933
652942
652955
652957
652958
652959
652960
652961
653060
653070
653107
653164
653166
653167
653169
653170
653171
653172
653173
653174
653175
653176
653202
653215
653218
653297
653305
653322
653402
653453
653467
653479
653481
653486
653503
653541
653545
653546
653547
653548
653550
653551
653565
653569
653596
653614
654606
654612
654613
654670
654673
654739
654789
654790
654791
654798
654849
654956
654961
654962
655023
655052
655054
655068
655121
655128
655130
655138
655153
655182
655268
655348
655364
655375
655376
655385
655388
655409
655433
655443
655444
655461
655490
655491
655523
655528
655529
655553
655556
655558
655611
655612
655625
655632
655645
655648
655666
655677
655703
655707
655715
655750
655751
655762
655769
655900
655910
655933
655973
656045
656143
656161
656168
656193
656261
656262
656265
656267
656270
656280
656315
656360
656365
656367
656368
656369
656370
656427
656440
656470
656547
656553
656555
656556
656557
656558
656559
656561
656562
656625
656655
656741
656744
656769
656842
656844
656845
656861
656892
656894
656900
656906
656955
656959
656961
656984
656985
656998
657011
657012
657015
657048
657057
657075
657092
657097
657142
657187
657189
657267
657276
657316
657330
657346
657406
657407
657409
657410
657468
657478
657510
657593
657595
657596
657598
657604
657616
657651
657656
657657
657670
657717
657737
657738
657739
657745
657746
657747
657748
657749
657750
657756
657757
657759
657765
657803
657838
657842
657844
657857
657867
657961
657962
657968
659005
659006
659038
659047
659050
659061
659079
659081
659083
659086
659095
659133
659134
659137
659156
659177
659182
659189
659236
659249
659268
659281
659341
659350
659479
659491
659533
659540
659567
659644
659656
659720
659721
659731
659738
659750
659754
659760
659801
659804
659807
659808
659809
659810
659811
659842
659883
659895
659901
659904
659905
659906
659919
660011
660027
660051
660086
660087
660113
660161
660162
660167
660188
660189
660218
660222
660226
660235
660242
660262
660296
660310
660314
660324
660332
660344
660347
660356
660367
660370
660371
660372
660373
660374
660377
660378
660379
660383
660384
660385
660386
660387
660390
660407
660415
660442
660496
660497
660498
660549
660619
660620
660621
660649
660671
660672
660698
660708
660711
660765
660788
660791
660813
660814
660877
660882
660918
660980
660990
660991
661043
661070
661097
661098
661111
661183
661256
661257
661317
661327
661331
661349
661350
661372
661376
661478
661488
661490
661491
661544
661601
661603
661608
661623
661624
661632
661633
661634
661663
66167
661714
661748
661749
661770
661813
661839
661896
661897
661904
661907
661934
661942
661962
661964
661991
661992
661996
662006
66202
662032
662033
662035
662049
66204
66207
662097
66211
662164
662169
662183
662259
662271
662273
662292
662328
66233
662466
662473
662486
662492
662513
662549
662550
662551
662568
662587
662588
662589
662591
662592
662594
662595
662596
662656
662658
662690
662691
66284
66285
663734
663741
663757
663796
663812
663837
663856
663857
663864
663928
663940
663941
663970
664018
664023
664030
664057
66405
664060
664065
664066
664088
664143
66416
664194
66420
664233
664234
664251
664308
664337
664373
664408
664409
664413
664473
664502
664526
664527
664528
664535
664562
664573
664631
664650
664653
664681
664704
664713
664715
664720
664724
664739
664740
664776
664777
664788
664795
664822
664839
664895
664904
664905
664919
664957
664971
664974
664975
66497
664996
665011
665019
665028
665030
665033
665044
665087
665088
665090
665112
665114
665118
665142
665171
665181
665210
665256
665263
665273
665309
665313
665314
665315
665321
665331
665395
665441
665442
665456
665461
665465
665482
665512
665531
665532
665536
665537
665540
665545
665546
665549
66558
665598
66560
665613
665677
665691
665693
665699
665718
665729
665741
665742
665788
665804
66580
665830
66585
66586
665919
665923
665928
666014
666015
66606
666076
666081
666097
666099
66616
666173
666186
66618
666194
666195
666196
66619
666208
66620
666242
666250
666251
666278
666281
666291
66630
666310
666335
666360
666365
666377
666416
666484
666493
666494
666507
666523
666527
666585
666586
66659
666607
666611
666612
666614
666631
666641
666657
666658
666665
666666
666672
666764
666765
666784
666841
666847
666880
666890
666891
666939
666959
666971
667112
667121
667157
667161
66716
66717
66718
667197
667261
667279
667294
667340
667376
667380
667411
667450
667506
667549
667551
667552
667557
667562
667563
667565
667581
667609
667713
667723
667726
667728
667748
667761
667776
667779
667782
667787
667806
667808
667845
667846
667871
667881
667905
667911
667921
667922
667923
667957
667959
667982
667996
668005
668008
668013
668037
668054
668070
668130
668136
668150
668170
668171
668230
668231
668235
668238
668239
668242
668243
668275
668296
668302
668313
668375
668387
668388
668421
668422
668424
668425
668426
668427
668428
668429
668430
668431
668432
668452
668470
668539
668552
668562
668577
668584
668613
668615
668650
668662
668671
668672
668689
668728
668735
668805
668856
668857
668858
668859
668860
668863
668864
668865
668866
668867
668868
668869
668870
668871
668872
668875
668951
669030
669034
669035
669037
669050
669056
669058
669059
669060
669061
669069
669071
669076
669079
669080
669081
669082
669095
669115
669174
669189
669221
669230
669241
669243
669294
669312
669313
669322
669325
669326
669339
669345
669401
669420
669446
669473
669474
669490
669492
669493
669522
669529
669530
669554
669555
669556
669558
669559
669561
669562
669563
669645
669670
669685
669718
669776
669813
669820
669831
669850
669856
669857
669862
669868
669870
669874
669876
670002
670009
670039
670053
670112
670274
670275
670303
670325
670336
670340
670354
670364
670376
670377
670382
670484
670485
670532
670535
670561
670572
670580
670581
670615
670693
670758
670759
670760
670767
670789
670792
670806
670810
670872
670903
670904
670905
670906
670907
670909
670936
671006
671023
671026
672125
672179
672201
672344
672389
672391
672410
672414
672486
672487
672489
672622
672642
672643
672645
672807
672809
672812
672846
672884
672899
673025
673035
673068
673069
673077
673083
673093
673138
673149
673206
673226
673227
673279
673292
673311
673411
673412
673413
673457
673474
673499
673505
673507
673514
673535
673536
673558
673566
673652
673753
673754
673759
673760
673786
673811
673951
673952
673953
673998
674024
674034
674035
674092
674102
674146
674164
674167
674183
674193
674296
674334
674338
674385
674403
674441
674556
674583
674596
674606
674607
674626
674634
674660
674667
674681
674703
674748
674750
674764
674785
674814
674820
674844
674863
674884
674905
674931
674955
674962
674993
674994
675058
675065
675107
675123
675136
675174
675175
675191
675193
675194
675195
675196
675197
675198
675199
675200
675203
675204
675205
675207
675288
675361
675362
675363
675402
675422
675423
675424
675426
675457
675460
675470
675473
675502
675503
675513
675539
675540
675541
675565
675590
675592
675595
675596
675597
675691
675694
675697
675727
675733
675748
675772
675773
675775
675776
675825
675881
675930
675933
675942
675991
676046
676076
676093
676159
676160
676161
676162
676183
676191
676192
676193
676241
676247
676248
676264
676313
676314
676315
676317
676318
676319
676320
676321
676335
676342
676354
676355
676373
676381
676394
676445
676453
676455
676456
676475
676478
676601
676605
676606
676614
676615
67661
676640
676668
676678
676729
676872
676890
676901
676902
676907
67690
676926
676946
676947
676948
676950
676989
677003
677004
677009
677041
677048
677050
677054
677059
677077
677115
677145
677167
677168
677175
677176
67717
677185
67718
677204
677228
677245
677263
677269
677274
677278
677282
677291
67729
677331
677340
677451
677455
677456
677457
67745
677480
677484
677512
677513
677514
677515
677547
67755
67756
677573
677674
677675
677679
677681
677705
677707
677709
677758
677831
677834
677836
677837
677842
677843
677847
677850
677851
677865
67787
677885
677888
677922
677945
677947
677956
677977
677999
678000
678001
678002
678015
678017
678018
678031
678058
678082
678110
67813
678208
678222
678296
678309
678316
678327
678328
678329
678330
678332
678333
678334
678379
678398
678419
678420
678422
678429
678443
678444
678459
67851
67852
678541
678542
678549
678550
678551
678552
678585
678642
678648
678686
678687
678749
67874
678775
678862
678893
678895
678911
678912
678933
678943
678957
678978
678980
679037
679070
679111
679132
679133
679134
679167
679168
679211
679250
679275
679294
679347
679351
679354
679361
679375
679377
679378
679379
679389
67938
67940
67946
679487
679514
679539
679550
679554
679565
679570
679609
679621
679666
679697
679698
679700
679702
679703
679704
679705
67973
679816
679829
679830
679845
679850
679855
679856
679857
679858
679878
679899
679904
679921
679948
679959
680007
680009
680015
680053
680070
680168
680248
680279
680311
680319
680324
680346
680361
680362
680381
680384
680386
680403
680458
680459
680490
680495
680496
680506
680554
680559
680588
680599
68060
680610
680619
68061
680674
680767
680817
680824
680877
680881
680883
680890
680891
680898
680912
680914
680919
680936
680949
680951
680978
680984
680985
680990
680991
680992
680997
680999
681001
681092
681120
681133
681134
68113
68134
681432
681437
68147
681514
68151
681520
681522
681572
681591
681606
681608
681632
681637
681644
681646
681650
681651
681659
681669
681675
681691
68169
68175
681787
681807
681837
681838
681839
681840
681841
681965
681971
681975
682015
682021
682026
682038
682042
682048
68207
682081
682082
682094
682116
682123
682190
68220
682251
682253
682257
682259
682262
682263
682265
682278
682339
682359
682363
682379
682386
682387
682397
682414
682437
682440
682441
682442
682443
682444
682454
682481
682482
682486
682505
682530
682531
682548
682625
682632
682677
682688
682689
682698
682717
682719
682733
682752
682789
682869
682892
682896
682898
682908
682976
682982
682998
683000
683002
683015
683047
683054
683055
683060
683063
683067
683089
683090
683107
683206
683207
683212
683242
683248
683271
683385
683388
683416
683427
683444
683445
683447
683451
683483
683516
683524
683545
683557
683568
68359
683639
683667
683681
683711
683716
683722
683773
683774
68378
683797
68380
683831
683832
683876
683976
683985
683986
683999
68401
684043
684056
684069
684105
684120
684123
684144
68416
68417
684192
684209
68421
684256
684320
684364
684369
684370
68442
684464
684476
68450
684516
684521
684527
684533
684539
684541
684555
684560
684580
684617
684638
684703
684712
684730
684744
684749
684772
684838
684884
684886
684947
684948
684949
684969
684976
685015
685027
685029
685058
685064
685066
685081
685090
685095
685139
685145
685146
685168
68516
685179
685230
685233
685239
685240
685250
685261
685262
685275
685283
685293
685294
685300
685303
685362
685377
685379
685380
685381
685382
685384
685385
685386
685430
68545
685466
685500
685503
685504
685508
685511
685549
685616
685630
685735
685759
685810
685838
685959
685973
685976
686024
686031
686125
686207
686212
686214
686244
686262
686306
686322
686351
686353
686838
686845
686886
686948
686965
686981
686983
687006
687061
687127
687159
687185
687266
687273
687297
687298
687305
687471
687477
687485
687503
687521
687522
687595
687611
687616
687619
687621
687639
687671
687677
687695
687743
687988
688029
688217
688227
688237
688411
688412
688440
688521
688592
688599
688618
688637
688665
688866
688874
688879
688941
688949
688957
688964
688984
688991
689014
689018
689077
689082
689215
689220
689223
689224
689232
689234
689237
689239
689249
689263
689271
689315
689320
689323
689326
689333
689378
689382
689392
689396
689397
689398
689401
689403
689433
689461
689470
689479
689644
689653
689658
689688
689690
689691
689692
689693
689696
689698
689699
689701
689702
689703
689704
689705
689725
689767
689770
689796
689803
689824
689827
689845
689859
690090
690177
690324
690325
690328
690384
690385
690415
690505
690510
690530
690536
690551
690560
690562
690564
690571
690572
690575
690580
690581
690614
690824
690846
690896
690901
690902
690963
691065
691070
691073
691242
691307
691392
691393
691596
691694
691697
691720
691750
691783
691813
692109
692110
692165
692167
692201
692211
692239
692257
692308
692338
692350
692413
692443
692473
692478
692479
692641
692644
692749
692849
692954
692960
692981
693045
693214
693215
693222
693223
693228
693230
693233
693356
693357
693362
693423
693434
693450
693453
693533
693781
693791
693833
693945
693955
694007
694035
694159
694161
694212
694229
694405
694415
694422
694467
694473
694481
694491
694510
694515
694559
694603
694642
694643
694652
694683
694684
694707
694708
694710
694713
694716
694721
694722
694723
694730
694732
694733
694736
694737
694756
694759
694781
694883
694897
694899
694961
695046
695089
695093
695114
695140
695146
695153
695241
695330
695456
695457
695598
695656
695657
695679
695736
695788
695790
695791
695811
695827
695858
695859
695865
69589
695974
695986
69598
695990
695994
695997
69599
69600
696045
696056
696269
696277
696278
696280
696282
696291
696339
696345
696346
696365
696370
696379
696382
696383
696673
696728
696810
69683
696958
697016
697079
697220
697225
697291
69762
697673
697675
697680
697685
697701
697714
697715
697716
697747
69778
69781
697853
697870
697881
697896
698045
698052
698265
698269
69849
69851
69853
698833
698860
698862
698867
698889
698900
69899
699007
699101
699147
699148
699253
699331
699355
699458
69957
69959
699717
699776
699927
699930
699945
70000
70018
700243
700365
700375
700381
700382
700428
700442
700445
700463
70049
700760
700949
701061
70106
701079
701138
701139
701143
701146
701147
701149
701152
701211
701212
701306
70136
701444
70151
70164
701738
701746
702008
702012
702013
702015
702016
702017
702018
702019
702020
702099
702114
702136
702155
702262
70238
702647
702693
702938
702966
703021
703027
70302
70303
70325
70326
70329
703314
703321
703371
703377
703381
70339
703415
703449
703450
703619
70361
703674
703675
703798
703830
703842
703843
703867
703907
703971
703980
703987
703988
704018
704079
704164
704165
704179
704184
704189
704235
70425
704264
704280
704301
704304
704312
704321
704322
704343
704357
704378
704390
704396
704397
704481
704482
704483
704595
704600
70464
704651
704656
704680
704703
704705
704786
704788
704789
704801
70482
704853
70485
70486
704879
704900
704901
704906
70490
704915
704960
705062
705102
705104
705116
705237
705248
705277
705289
705386
705412
705421
705435
705494
705539
705592
705594
705624
705668
705708
705709
705719
705722
705728
705751
705752
705843
705908
706016
706064
706080
706106
706113
706122
706192
706193
706194
706243
706292
706327
706328
706329
706330
706356
706424
706458
706473
706474
706523
706540
706542
706551
706559
706607
706703
706863
706928
706988
707000
707077
707078
707205
707214
707223
707270
707271
707307
707312
707359
707397
707400
707421
707442
707480
707510
707521
707597
707618
707624
707630
707687
707721
707730
707735
707742
707748
707749
707751
707774
707792
707814
707823
707824
707825
707831
707833
707834
707864
707872
707889
707910
707921
707923
707927
707945
707989
708016
708035
708040
708065
708066
708079
708119
708134
708173
708235
708408
708409
708413
708415
708417
708419
708473
708477
708512
708544
708624
708644
708659
708696
708697
708763
708796
708798
708827
708831
708833
708836
708849
708851
708867
708888
708894
708900
708907
708913
708915
708957
708962
708980
708999
709026
709027
709046
709072
709193
709212
709274
709279
709283
709286
709288
709292
709299
709337
709442
709455
709467
709468
709493
709560
709631
709655
709682
709709
709745
709746
709799
709888
709896
709912
709930
710028
710073
710099
710155
710209
710213
710217
710225
710258
710260
710265
710301
710339
710346
710356
710357
710382
710436
710457
710542
710568
710571
710574
710578
710604
710690
710691
710700
710728
710730
710733
710734
710771
710772
710774
710836
710881
710908
710909
710910
710938
710942
710943
710947
710996
711021
711031
711033
711051
711083
711097
711101
711119
711181
711182
711219
711254
711323
711336
711339
711347
711354
711356
711379
711406
711420
711496
711525
711530
711532
711551
711589
711608
711610
711615
711673
711704
711716
711764
711774
711809
711836
711837
711902
711916
711957
711981
712008
712054
712057
712958
712959
712960
712961
712963
712964
712965
712971
712996
713119
713267
713303
713304
713314
713315
713316
713318
713319
713322
713343
713382
713400
713402
713483
713554
713571
713572
713574
713579
713610
713611
713749
713750
713787
713788
713792
713863
713871
713872
713875
713889
71392
71393
714011
714012
71401
714153
714176
714177
714206
714207
714362
714560
714653
714654
714655
714658
714669
714670
714688
714769
714772
714773
714774
714775
714779
71477
714788
71479
71486
715017
715031
715032
715102
715143
71535
715540
715546
715558
715568
715708
715709
715711
715712
715745
715753
715756
71584
715889
715890
715891
715892
715893
715895
715896
715973
71598
716132
716254
716380
716472
716473
716474
71652
716608
716619
71674
71677
716780
716807
716817
716835
716854
717004
717023
717025
71703
717084
717107
717122
717124
717125
717224
717255
717256
717273
717275
717276
717287
717436
71752
717552
717619
717642
717650
717653
717654
717655
717896
717905
717975
717976
717978
718024
718036
718085
718086
718298
718299
718301
718315
718321
718325
71834
718372
718387
718388
71843
71844
71866
718712
718717
718718
718851
71885
718929
718936
718961
718964
71897
719022
719023
719026
71904
71923
71924
719400
719402
719403
719405
719407
719408
719409
719427
719429
719430
719432
719435
719436
719439
719515
719618
719755
719785
71982
719837
719859
71991
719939
719969
719976
720070
720142
720179
720395
720494
720681
720707
720782
720783
720784
720786
720787
720788
720791
720792
720795
720850
721036
721244
721245
721319
721344
721345
721353
721391
721422
721424
721451
721465
721530
721563
721565
721569
721677
721734
721864
722045
722178
722230
722398
722400
722430
722431
722432
722436
722463
722464
722510
722511
722610
722611
722620
722623
722637
722761
722877
722963
723435
723436
723440
723447
723460
723461
723462
723479
723495
723497
723671
723707
723710
723723
723724
723776
723853
723917
723918
724340
724344
724428
724429
724433
724441
724507
724509
724510
724685
724687
724732
724733
724781
724860
724861
724866
724867
724881
724941
724958
724971
725010
725025
725033
725035
725068
725195
725197
725222
725223
725294
725370
725419
725451
725933
725934
725996
726119
726537
726538
726548
726549
727245
727341
727364
727423
727426
727429
727430
727432
727464
727466
727467
727468
727469
727470
727472
727501
727502
727749
727762
727766
727767
727823
727826
727828
727830
727850
727868
727871
727876
727881
727882
727890
727894
728095
728096
728103
728104
728105
728107
728108
728129
728153
728237
728259
728262
728319
728333
728500
728640
728810
728940
728941
728942
729196
729197
729203
729206
729307
729310
72932
72933
72934
729389
729391
729393
729406
729408
729419
729478
729479
729522
729527
729530
72967
729688
72969
72970
729746
729818
729819
729820
729821
729823
729833
729949
73013
73014
73015
73038
73040
730469
730473
730475
730538
730723
730888
730890
730946
730986
730999
731004
731009
731092
73114
73118
73119
731354
731447
73144
73145
73146
731542
731581
73167
73169
73170
73178
731795
73184
731852
731856
731857
732064
732065
732069
73207
732357
732478
732734
732783
732785
732869
732870
73287
73288
732893
732975
732982
732983
732984
732985
732986
732987
73306
733097
733121
733428
733434
73352
733539
73362
73363
73364
733709
73399
734024
734084
734085
734104
734126
73426
73430
734355
734356
73438
734404
734405
734555
734712
734713
734719
734749
734762
734764
734767
734768
734771
734774
734827
734835
735011
735012
735013
735051
735057
735263
735287
735316
735323
735327
73537
735475
735476
73558
735599
73559
735671
735672
735673
735679
735688
735707
73577
735854
735890
735924
735935
735936
736021
736028
73612
736292
736535
736537
736547
736674
736675
736677
736689
73668
736732
736770
736772
736804
73680
736876
737248
737388
737716
737733
737734
737833
737908
737926
738009
738044
738211
738348
738377
738469
738547
738848
738858
738982
739090
739373
739374
739388
739389
739391
739662
739669
739688
739726
739742
739743
739751
739753
739755
739768
739781
739782
739788
739795
739799
739901
739905
739906
740017
740018
740019
740132
740297
740306
740312
740428
740472
740508
740522
740549
740613
740616
740706
740785
740803
740822
740913
741009
741011
741017
741072
741077
741101
741211
741218
741221
741321
741325
741431
741432
741480
741516
741550
741553
741780
741785
741953
741964
742067
742091
742127
742164
742168
742202
742269
742270
742271
742301
742308
742311
742377
742379
742383
742642
742842
742843
742844
742845
742847
742848
742849
742850
742858
742859
743024
743078
743106
743111
743306
743389
743399
743400
743409
743419
743489
743550
743617
743691
743883
743892
743927
743965
743973
743976
743980
743981
744006
744013
744027
744029
744099
744100
744135
744136
744208
744209
744211
744212
744213
744217
744346
744347
744477
744722
744847
745733
745742
745743
745748
745768
745800
745801
745826
745827
745845
746010
746052
746142
746146
746173
746296
746357
746379
746570
746571
746627
746633
746729
746731
746732
746735
746737
74678
746896
746944
746952
746977
746978
746979
746980
747129
747169
747249
747273
747304
747348
747408
747495
747498
747543
747545
747576
747578
747584
747605
747693
747695
747700
74771
747819
747837
747838
747868
747971
747993
748050
748360
748361
748367
748369
748370
748371
748372
748373
748374
748386
748449
748472
748473
748481
748486
748487
748510
748513
748514
748515
748517
748520
748527
748529
748533
748538
748624
748628
748631
748670
748671
748676
748683
748686
748751
748752
748767
748774
748806
748815
748828
748845
748890
748892
748893
748956
748973
74900
74908
749235
749236
749256
749257
749336
749349
749356
74939
749474
749561
749732
749735
749804
749805
749810
749820
749826
749833
74986
749902
74991
74993
74997
750005
750012
75003
75007
750103
750151
750152
750153
750154
750161
75016
750176
750266
750356
750389
750391
750420
750427
750455
750467
750473
750478
750598
750606
750700
750701
750733
750734
750736
750737
750740
750812
750860
750885
750892
751041
751081
751138
751139
751158
751159
751164
75116
751205
751207
751285
751339
75150
751514
751518
751519
751525
751526
751530
751531
751533
751535
751536
751601
751639
751640
751641
751643
751700
751702
751706
751707
751708
751709
751710
751711
751712
751714
751715
751716
75176
751772
751773
751785
751786
751792
75181
751829
751830
751832
751897
751923
75192
751932
751934
751972
752007
752008
75216
752211
752227
752228
752230
752231
752232
752234
752272
752277
752283
752310
752337
75235
752459
752462
752492
752534
752572
752693
752700
752707
75275
75276
752870
752877
752878
752879
752886
752909
752960
752965
752974
752990
752998
753018
753019
75302
75306
753139
75315
75320
753236
753380
753381
753382
75361
753687
753756
753811
753839
753842
753846
753905
753906
754004
754024
754241
754249
754281
754309
754409
754410
754495
754496
754540
754541
754561
754624
754648
754653
754654
754655
754658
754659
754699
754798
754800
754804
754805
754812
754817
754836
754851
754898
754943
754967
755038
755096
755097
755098
755241
755258
755347
755348
755548
755602
755708
755716
755775
755950
755978
756039
756130
756232
756343
756504
756506
756554
756558
756560
756687
756688
756689
756697
756777
756778
756788
756796
756862
756912
756939
756946
756947
756948
756949
757024
757025
757204
757231
757325
757326
757538
757664
757670
757744
757770
757806
757808
757814
757815
757845
757870
757871
757872
757873
757880
758101
758105
758118
758258
758403
758481
758490
758519
758570
758580
758581
758582
758763
758855
758856
758857
759030
759055
759074
759075
759168
759247
759279
759288
759296
759330
759342
759397
759446
759564
759575
759671
759965
759974
759986
759990
760004
760037
760077
760081
760085
760094
760133
760229
760234
760235
760268
760309
760346
760349
760370
760375
760380
760382
760430
760519
760590
760592
760920
760921
760924
760975
760978
760980
761167
761172
761313
761629
761665
761667
761741
761742
761743
761744
761804
761957
762031
762032
762034
762087
762102
762103
762104
762136
762140
762247
762266
762282
762283
762284
762319
762430
762457
762508
762513
762520
762600
762623
762714
762739
762770
762919
762920
762921
762922
762923
762924
762925
762926
762927
762955
762961
762964
762965
763024
763028
763042
763047
763053
763058
763210
763341
763380
763427
763433
763545
763686
763726
763765
763881
763930
763932
763935
764009
764063
764066
764069
764074
764078
764134
764148
764149
764209
764210
76424
764345
764371
764374
764383
764401
764449
764478
764495
764516
764518
764519
76458
764697
764825
764829
764844
764863
764864
764874
764876
764881
764882
765061
765066
765068
765070
76509
765157
765166
765305
76540
765472
765479
765482
765515
76557
765708
765709
76576
765873
765878
765992
76605
76606
76608
76610
76611
76612
76613
76618
76620
76622
76633
76641
76655
76656
76662
76666
76676
767178
767179
767204
767205
767206
767246
767299
767434
767440
767454
767476
767480
76751
767527
767542
76754
76755
767839
76789
76795
767978
767979
767980
767981
767983
767984
76798
768052
768071
768096
768100
768103
768105
768111
768117
768119
76817
768191
768193
768194
768195
768197
768198
768199
76819
768200
768206
768207
768208
768209
768215
768216
768363
768427
768437
768624
768625
768626
768628
768629
768630
768631
768632
768633
768634
768635
768636
768637
768638
768639
768640
768641
768643
768644
768645
768648
768649
768650
768651
768653
768654
768655
768656
768711
768716
768795
768797
768798
768799
768800
768801
76882
768948
768979
76899
769083
769272
769315
769317
769319
769369
76943
76959
76962
76963
769641
769643
769647
769648
769650
769651
769683
769716
769718
769720
769753
769877
769886
769896
769897
770001
770006
77001
77018
770204
770206
770210
770222
77031
770427
770428
770432
770434
770435
770462
77054
770550
770554
77062
77063
77064
77070
770720
770755
770772
770774
770776
770779
770792
770794
770795
770796
770798
770831
770910
770911
771006
771012
77110
771137
771180
771194
771195
771236
771239
771244
771313
771323
771343
77142
771478
771522
77154
771553
77155
771564
771723
771735
771740
771742
771743
771754
771756
771757
771759
771760
771779
771793
771794
77181
771846
771929
772018
772035
772042
77209
772160
77216
77220
772270
772271
772272
772306
772310
772311
772331
772332
772333
772334
772335
772336
772337
772345
772423
772427
772432
772460
772478
772497
772503
772504
772505
772506
772509
772511
772512
772513
772556
772579
772580
772581
772791
772840
772874
772875
772876
77291
77294
772987
773020
773035
773040
773089
773149
773150
773151
773152
773282
773326
773347
773348
773428
773445
773514
773526
773527
773528
77359
773783
773804
773878
773903
773904
77396
77398
77400
77403
774055
77407
774173
774334
774348
774350
77439
774403
77445
77446
77447
774480
774505
774554
774611
774618
774626
774700
774730
774739
774740
774741
77474
774759
77475
774818
774832
774877
774880
774886
774888
774992
774994
775011
775177
775313
775358
775359
775364
775365
775411
775414
775432
775433
775435
775436
775446
775448
775450
775452
775453
775454
775455
775456
775458
775459
775480
775489
775492
775500
775501
775626
775630
775668
775669
775702
775776
775842
775849
775870
776036
776063
776077
776083
776100
776101
776176
776265
776315
776327
776393
776397
776398
776399
776400
776482
776611
776630
776706
776777
776778
776779
776780
776784
776838
777083
777116
777136
777149
777155
777157
777165
777192
777213
777214
777215
777268
777280
777285
777504
777575
777704
777716
777721
777726
777747
777789
777791
777804
777805
777825
777848
777917
778115
778289
778322
778324
778354
778419
778491
778516
778519
778521
778610
778630
778633
778645
778673
778675
778676
778678
778753
778800
778807
778935
778937
779049
779050
779051
779056
779060
779062
779085
779116
779142
779144
779155
779163
779164
779467
779468
779472
779504
779506
779507
779508
779534
779639
779640
779669
779674
779693
779697
779707
779779
779904
779966
780195
780198
780221
780321
780357
780398
780453
780916
781037
781039
781071
781091
781164
781170
781174
781228
781298
781352
781368
781382
781420
781445
781469
781471
781484
781485
781521
781570
781587
781764
781771
781780
781998
782228
782383
782392
782453
782454
782456
782524
782567
782593
782598
782668
782691
782731
782743
782822
782843
782894
782907
782920
782950
783009
783026
783087
783088
783089
783090
783091
783092
783129
783157
783165
783223
783224
783225
783226
783401
783442
783684
783837
783839
783844
783851
783894
783917
783932
783963
783967
783970
784057
784079
784270
784271
784333
784335
784352
784354
784355
784356
784402
784412
784419
784423
784425
784432
784433
784434
784446
784449
78450
78453
784549
78454
784550
78455
784577
784596
784664
784665
784666
784669
784706
784736
78474
78476
784814
784861
784934
784945
785302
785303
785341
785343
785355
785356
785358
78537
785392
785436
785440
78547
785513
785534
785586
78565
785697
785702
785714
785715
785728
785771
785792
785793
78583
785847
785867
785870
785879
78600
78601
786070
786099
786100
786101
786104
786113
786116
786117
786134
786164
786198
786208
786222
786223
786234
786275
786276
786277
786278
786295
786299
786397
786400
786473
786478
786529
786530
78661
786719
78672
786962
786969
786971
786976
786991
787006
787039
787040
787041
787042
787046
787048
787050
787065
787229
787233
787242
787245
787250
787264
787344
787488
787489
787523
787524
787527
787590
787662
787663
787758
787796
788005
788008
788011
788142
788150
788165
788210
788241
788243
788326
788360
788391
788487
788491
788494
788495
788672
788688
788736
788773
788774
788776
788815
788905
788981
789040
789133
789216
789224
789225
789228
789229
789231
789232
789354
789500
789513
789571
789767
789801
789802
789804
789866
789868
789893
789916
789925
789977
790049
790188
790206
790333
790336
790338
790670
790671
790673
790726
790830
790845
790860
790882
790973
791002
791003
791031
791069
791070
791071
791140
791144
791181
791185
791219
791220
791228
791366
791416
791417
791475
791484
791485
791575
791581
791635
791636
791637
791639
791674
791723
791734
791787
791795
791903
791927
791928
791930
791932
792087
792090
792172
792225
792232
792233
792235
792272
792288
792384
792388
792400
792403
792420
792423
792429
792432
792455
792456
792487
792488
792493
792503
792504
792715
792719
792720
792721
792724
792727
792732
792733
792739
792740
792835
792967
793035
793037
793038
793039
793040
793041
793043
793044
793045
793080
793111
793125
793140
793144
793146
793186
793421
793649
793722
793757
793766
793768
793769
793775
793797
793810
793811
793812
793888
793890
793901
793922
793946
794001
794010
794036
794040
794336
794337
794427
794441
794462
794558
794559
794617
794640
794646
794647
794723
794732
794769
794803
794988
794989
794990
794992
794994
794996
794997
795005
795007
795008
795022
795023
795024
795027
795028
795029
795030
795032
795035
795104
795110
795133
795150
795151
795184
795186
795285
795292
795307
795390
795394
795466
795650
795662
795730
795731
795732
795826
795827
795869
795883
795886
795888
795889
795906
795993
796030
796112
796118
796119
796128
796142
796145
796171
796172
796174
796203
796205
796325
796339
796658
796713
796852
796953
797016
797081
797089
797117
797141
797311
797333
797473
797554
797559
797623
797625
797627
797628
797675
797709
797822
797839
797925
797927
797932
797955
797956
798029
79802
79809
79811
798202
798215
798250
798252
798268
798272
798276
798352
798421
798428
798429
798460
798469
79854
798553
798577
798596
798650
798675
798677
799097
799143
799148
799208
799220
799245
799249
799252
799338
799341
799343
799352
799538
799560
799563
799566
79957
799624
799698
799700
799727
799728
79975
799821
799826
799830
799839
799863
799864
799883
799889
799890
799911
799929
800016
800017
80001
800023
800045
800050
800114
800118
800122
80030
80031
800354
800355
800365
800385
800525
800626
800637
800648
800650
80079
800843
800872
800913
801003
801005
801008
801010
80104
801076
80116
801280
801291
801328
801463
801498
801499
80161
801631
801653
801665
801666
801743
80184
80186
801870
801902
801938
80202
80203
802087
802149
802157
802158
802159
80215
802161
80216
802187
802194
802195
802289
802302
802348
802427
802442
802457
802485
802501
802525
802550
802646
802653
802666
80271
802775
802803
802858
80289
802938
802942
80296
80312
803137
803139
803222
803225
803253
803254
803260
803262
803277
803305
803413
803587
80359
803726
8039
8045
804950
805040
805132
805135
805190
805204
805206
805233
805235
805236
805243
805244
805249
805252
805254
805341
805365
805366
805377
805380
805383
805385
805523
805547
805549
805554
805589
805617
805619
805623
805694
805773
805792
805796
805862
805993
806009
806045
806099
806100
806101
806164
806284
806286
806427
806428
806430
806431
806533
806562
806563
806607
806608
806609
806612
806614
806617
806700
806703
806738
806871
806891
806896
806897
806900
806904
806906
806914
806923
806926
806932
807052
807086
807150
807286
807297
807339
807370
807394
807453
807497
807526
807594
807630
807649
807658
807659
807675
807678
807685
807693
807783
807785
807789
807791
807818
807840
807888
807958
807960
807971
807997
808004
808005
808010
808049
808050
808119
808120
808122
808123
808124
808173
808280
808284
808285
808286
808320
808321
808322
808324
808327
808328
808330
808331
808333
808334
808335
808336
808373
808379
808380
808385
808386
808388
808463
808469
808576
808577
808578
808580
808583
808587
808606
808607
808621
808623
808648
808702
808721
808738
808763
808764
808800
808813
808846
808900
808901
808903
808904
808909
808910
808930
808937
808952
808963
808970
809023
809109
809129
809161
809358
809379
809443
809444
809531
809560
809562
809565
809579
809601
809602
809617
809660
809661
809663
809665
809666
809667
809668
809669
809723
809775
809776
809908
809910
809914
809959
810144
810145
810242
810247
810249
810319
810321
810447
810469
810502
810508
810575
810645
810646
810690
810759
810815
810822
810880
810882
811031
811032
811034
811035
811037
811038
811055
811106
811113
811125
811126
811128
811130
811236
811250
811264
811268
811418
811421
811431
811432
811459
811575
811576
811647
811648
811649
811650
811651
811653
811654
811655
811656
811659
811841
811910
811933
811937
812070
812239
812275
812394
812395
812535
812536
812627
812628
812646
812762
812763
812791
812855
812856
812902
812906
812908
812913
812925
813033
813035
813037
813085
813099
813100
813101
813112
813114
81323
813254
81327
813393
813398
813562
813627
813660
813782
81381
81382
81383
813899
813900
813901
813902
813904
813905
813906
813908
813909
813910
813911
813912
814018
814019
814070
814106
814107
814117
814215
814291
81430
814384
814421
814512
814516
814520
814551
81459
814653
814727
814731
814736
814737
814761
814784
814791
814813
81487
814954
815020
815021
815022
81504
815062
815085
815099
815119
81521
815261
815382
815388
815396
815414
815420
815472
815574
815575
815576
815577
815604
815726
815727
815728
815772
815773
815789
81579
81587
81590
81592
815964
815965
815990
815991
815992
815994
81599
816040
816043
816047
816048
816049
816050
816059
816065
816066
816073
816080
816098
816102
816106
816153
816159
816270
816272
816285
816305
816310
816311
816313
816314
816496
816509
816552
816553
816675
81672
81674
816758
81675
816768
816809
816810
816847
816849
817017
817032
817079
817127
817198
817200
817202
817203
817227
817231
817340
817376
817461
817462
817490
817561
817572
817582
817599
81760
817666
817697
817701
817705
817706
817707
817717
817825
817843
817875
817956
818013
818153
818252
81826
818322
818324
818369
818370
818375
818386
81840
818474
818509
818511
818744
818745
818938
818944
818945
818969
819035
819038
819044
819095
819178
819185
819235
819299
819361
81936
819375
819410
819450
81945
81947
81948
819502
819507
819518
819519
819644
819661
819763
819772
819773
819780
819792
819796
819798
819806
819819
819848
819849
819855
819860
819874
819877
819878
819884
819924
819936
819954
819957
819996
820114
820115
820207
820209
820217
820304
820309
820312
820315
820324
820337
820345
820356
820358
820360
820515
820525
820534
820695
820696
820740
820743
820750
820756
820857
820863
820968
820969
821106
821108
821216
821261
821376
821428
821429
821430
821431
821432
821433
821435
821436
821442
821444
821536
821537
821538
821611
821619
821682
821688
821806
821867
821918
821920
821944
822137
822157
822263
822264
822265
822305
822311
822324
822402
822412
822414
822445
822456
822494
822510
822533
822535
822537
822540
822559
822579
822590
822630
822640
822733
822734
822735
822738
822832
822923
822953
822968
823067
823079
823112
823113
823114
823115
823127
823128
823129
823130
823187
823224
823246
823247
823308
823318
823319
823320
823323
823346
823392
823395
823397
823399
823401
823408
823415
823418
823425
823477
823505
823563
823586
823613
823616
823640
823653
823654
823655
823656
823657
823658
823659
823698
823726
823760
823769
823793
823807
823825
823842
823887
823924
823925
823928
823935
823938
823984
823985
823987
824007
824011
824045
824117
824157
824258
824320
824378
824390
824402
824412
824452
824453
824464
824559
824584
824585
824591
824635
824672
824750
824754
824757
824779
824818
824823
824825
824827
824836
824966
824989
825049
825052
825057
825058
825062
825288
825298
825302
825345
825363
825384
825405
825429
825543
825577
825608
825635
825637
825643
825646
825730
825732
825736
825748
825749
825805
825873
825874
825875
825889
825932
825990
825991
826060
826116
826179
826185
826188
826201
826253
826255
826258
826327
826361
826385
826432
826477
826496
826499
826501
826673
826680
826683
826688
826691
826713
826809
826859
826898
826907
826911
826924
826927
827067
827079
827080
827081
827120
827142
827144
827152
827153
827173
827177
827180
827184
827190
827260
827276
827307
827308
827359
827361
827435
827439
827442
827445
827481
827516
827519
827534
827539
827551
827552
827572
827674
827720
827745
827772
827782
827798
827799
827827
827840
827885
827892
827898
827904
827905
827906
827917
827928
827946
827961
827965
827966
827968
827972
827977
827995
828177
828215
828245
828262
828266
828345
828378
828421
828456
828468
828469
828551
828552
828577
828618
828622
828682
828742
828773
828777
828837
828891
828913
82892
82893
82894
828983
828991
828998
829016
829047
829075
829083
829090
829093
829119
829138
829172
829214
829215
829219
829220
829237
829239
829245
829272
829286
829326
829387
829441
829449
829451
829456
829462
829478
829497
829517
829519
829522
829635
829637
829641
829643
829644
829648
829672
82970
829710
829789
829811
829813
829815
829817
829899
829932
830063
830097
830123
830124
830165
830204
830206
830207
830276
830306
830327
830345
830346
830347
830438
83047
83048
830491
830549
830550
830560
83062
830664
830668
830676
830697
830698
830756
830767
830772
830827
83087
83088
830934
830940
830969
831004
831009
831084
831087
831094
831118
831119
83112
831168
831199
831241
831292
831301
831307
831314
83133
831414
831422
831431
831440
831446
831490
831505
831529
831599
831600
831601
83161
831630
831636
831669
831670
831671
831680
831708
831719
831759
831775
831783
831784
831786
831887
831890
831924
831939
831941
831992
831993
831994
831995
83203
832069
832079
832082
832083
832154
832155
832165
832166
832171
832246
832257
832261
832311
832312
832350
832351
832352
832353
832359
832374
832376
832412
832511
832518
832572
832579
832582
832583
832585
832603
832606
83260
832621
832626
832627
832628
832633
832644
832654
832794
832806
832826
832834
832838
832840
832866
832874
832883
832885
83293
83294
832952
832955
832992
832993
832994
83299
833006
833075
833098
833133
833135
833140
833204
833217
833345
833347
833367
833393
833517
833518
833542
833551
833599
833600
833604
833623
833649
833763
833764
833766
833789
833875
833876
833883
833908
833965
833966
833968
833969
833985
834001
834029
834038
834039
834041
834044
834047
834048
834074
834091
834173
834224
834227
834243
834283
834292
834293
834303
834310
834321
834322
834328
834353
834398
834417
834421
834428
834430
834456
834515
834524
834533
834563
834569
834585
834652
834667
834748
834770
834771
834772
834773
834775
834794
834806
834808
834809
834810
834831
834833
834973
834974
834975
834976
834977
834978
834979
834980
834981
834982
834983
834984
834997
835008
835018
835019
835020
835029
835110
835122
835124
835264
835362
835400
835401
835415
835443
835480
835492
835493
835499
835500
835516
835517
835519
835520
835522
835528
835546
835596
835602
835608
835691
835712
835786
835819
835842
835843
835844
835845
835846
835847
835848
835861
835917
835918
835944
835953
835969
835984
835985
835998
836000
836015
836018
836019
836020
836156
836158
836273
836337
836345
836347
836357
836358
836389
836528
836665
836666
836667
836690
836697
836722
836730
836757
836794
836865
836878
836919
836935
836955
836956
837010
837078
837089
837163
837164
837165
837166
837167
837168
837169
837189
837193
837202
837203
837218
837220
837225
837254
837286
837287
837348
837352
837386
837397
837399
837450
837451
837533
837534
837542
837760
837806
837807
837811
837829
837830
837832
837833
837834
837835
837837
837838
837840
837842
837843
837845
837846
837847
837848
837849
837851
837852
837878
837880
837881
837959
837960
837981
837984
838004
838180
838181
838182
838193
838273
838298
838329
838338
838339
838340
838341
838401
838449
838451
838496
838497
838501
838508
838524
838551
838556
838572
838577
838703
838726
838791
838800
838844
838888
838901
838926
838927
838930
838934
839057
839058
839059
839061
839119
839145
839225
839364
839460
839573
839574
839657
839666
839716
839722
839759
839760
839783
839820
839822
839824
839830
839831
839833
839836
839842
839854
839857
839858
839871
839925
839952
839955
839975
839988
840040
840054
840081
840165
840184
840189
840192
840194
840195
840201
840244
840245
840261
840291
840315
840336
840429
840438
840462
840469
840503
840514
840531
840534
840535
840574
840603
840677
840720
840725
840842
840846
840934
840948
840976
840986
840987
841046
841049
841092
841230
841239
841284
841295
841297
841299
841322
841366
841422
841544
841558
841618
841637
841653
841679
841680
841682
841709
841746
841764
841765
841802
841824
841835
841864
841877
841907
841917
841963
842013
842027
842079
842081
842102
842103
842113
842116
842117
842139
842210
842301
842356
842372
842387
842392
842398
842458
842483
842509
842517
842524
842529
842555
842603
842685
842689
842733
842734
842735
842739
842803
842873
842887
842888
842935
842937
843091
843094
843131
843209
843296
843301
843303
843304
843305
843311
843350
843354
843357
843367
84336
843370
843376
843379
843506
843571
843574
843575
843579
843580
843626
843678
84380
843818
843887
843888
843906
843918
843970
844022
844038
844111
844137
844149
844161
844270
844282
844304
844379
844385
844402
844437
844451
844491
844492
844495
844517
844561
844591
844592
84459
844600
844607
844660
844666
844667
844668
844693
844694
844695
844696
844697
844698
844702
844703
844740
844758
844838
844867
844870
844895
844920
844929
844943
844991
844993
84501
845043
845195
845220
845227
845280
845284
845358
845363
845370
845484
845504
845507
845532
845533
845560
845562
845579
845596
845620
845659
845662
845669
845672
84568
845694
845717
845719
845722
845723
845726
845727
84574
84575
845766
845768
84576
845819
845864
845876
845881
845893
84615
846214
846262
846288
846291
846292
846303
846310
84632
846347
846380
84638
846408
846514
84662
846673
846685
846689
846697
846710
846736
846762
846783
846794
846821
846835
846875
846982
846992
847001
847111
847160
847161
847284
847287
847288
847289
847290
847304
847305
847341
847410
847437
847455
847459
847489
847490
847491
847498
847527
847652
847737
847783
847784
847786
847790
847792
847840
847897
847911
847912
847913
847914
847915
847916
847917
847918
847919
847921
847922
847941
847946
847948
847950
847980
847995
848006
848065
848078
848097
848126
848174
848175
848176
848179
848180
848181
848182
848191
848199
848217
848222
848225
848228
848229
848282
848283
848380
848428
848469
848470
848579
848584
848585
848587
848641
848647
848692
848810
848826
848931
848982
848983
848993
848994
848995
848999
849000
849002
849060
849118
849120
849128
849133
849162
849192
849194
849228
849254
849281
849293
849309
849360
849371
849372
849374
849375
849491
849494
849602
849635
849653
849654
849661
849669
849674
849675
849677
849679
849713
849716
849717
849730
849784
849822
849823
849824
849825
849827
849840
849874
849886
849888
849889
849893
849894
849898
849901
849909
849947
849985
850037
850084
850086
850087
850090
850144
850215
850295
850339
850421
850625
850641
850643
850644
850662
850672
850674
850676
850677
850678
850680
850681
850683
850688
850691
850693
850695
850697
850792
850873
850874
850966
851087
851144
851160
851216
851271
851305
851309
851339
851371
851465
851524
851542
851582
851607
851610
851664
851732
851734
851735
851738
851740
851797
851811
851813
851816
851819
851820
851822
851826
851884
851924
852087
852121
852143
852171
852172
852173
852224
852230
852290
852292
852310
852311
852332
852393
852411
852474
852559
852586
852717
852730
852746
852747
852820
852831
852836
852837
852875
852919
852921
852924
852984
852991
853025
853026
853047
853048
853185
853200
853213
853289
853290
853313
853333
853334
853335
853389
853416
853439
853489
853507
853512
853522
853531
853565
853589
853738
853739
853741
853742
853814
853840
853934
853942
853946
853956
854004
854059
854062
854070
854107
854197
854219
854244
854261
854263
854265
854267
854268
854270
854281
854308
854309
854357
854412
854448
854460
854465
854567
854774
854775
854796
854894
854896
854938
854940
854943
855025
855094
855148
855196
855216
855226
855232
855245
855324
855338
855365
855371
855391
855394
855425
855426
855428
855513
855520
855521
855529
855533
855546
855576
855604
855628
855813
855814
855821
855886
855944
855990
856009
856096
856099
856311
856312
856314
856316
856317
856318
856320
856321
856322
856323
856326
856338
856340
856352
856355
856395
856428
856464
856465
856473
856492
856495
856526
856528
856586
856595
856654
856678
856713
856714
856733
856759
856760
856761
856803
856888
856896
856936
856955
856976
856978
857020
857021
857024
857030
857035
857046
857053
857088
857107
857119
857142
857235
857286
857292
857314
857316
857317
857434
857456
857497
857500
857504
857515
857552
857556
857567
857590
857618
857630
857631
857642
857680
857714
857749
857755
857760
857764
857833
857835
857842
857844
857872
857919
857921
857933
857944
857956
857976
858006
858018
858038
858040
858041
858051
858073
858104
858113
858114
858119
858120
858141
858171
858199
858200
858286
858304
858316
858329
858332
858342
858493
858513
858555
858556
858585
858599
858728
858732
858765
858788
858818
858824
858901
858936
858949
858965
859120
85915
859160
859161
859167
859207
85922
85924
859260
859268
859289
859313
859325
859328
859340
85938
859421
859426
859458
85947
85949
859503
859506
859522
859525
859544
859582
859604
859605
859606
859607
859608
859609
859650
859678
859717
859725
859901
859970
85998
860012
860016
860026
860027
860028
860029
860030
860031
860034
860035
860037
86005
86006
86007
860081
860088
86008
86009
86010
86012
86014
86015
86016
860246
860261
860293
860294
860296
860400
860406
860497
860506
860508
86050
860528
860539
86054
86055
860585
860592
860607
860628
860630
860637
860737
860744
86075
860820
860845
860849
860850
860852
860864
860882
860890
860893
860895
860900
860920
860922
860924
860940
860994
861012
861013
861029
861045
861047
861066
861074
861078
861085
861146
861162
861167
861172
861177
861178
861325
861327
861330
861399
86143
861472
861474
861475
861476
861477
861479
861480
861496
861570
86158
861658
861685
861687
861704
861712
861723
861725
861748
861817
861818
861820
861825
861826
861828
86183
861844
861847
86184
861972
861997
862002
862016
862017
862023
862045
862062
862064
862082
862084
862086
862142
862196
862232
86227
862330
862333
862336
862337
862338
862340
862345
862346
862348
862349
862366
862369
862376
862396
862436
862497
86260
86261
86262
862965
862967
862980
863017
863023
863049
863220
863221
863222
863238
863300
863374
863430
863442
863494
863554
863710
863711
863712
863717
863741
863745
863756
863770
863772
863798
863803
863895
863922
863933
863934
863953
863955
863988
863998
86405
864073
864074
864075
864076
864079
864082
864085
864124
864125
864126
864127
864128
864129
864131
864134
864135
864136
864138
864139
864140
864143
864157
864160
864161
864248
864249
864251
864252
864255
864256
864257
864258
864259
864263
864267
864268
864269
864270
864271
864277
864279
864315
864403
864431
864476
864480
864481
864488
864495
864543
864593
864643
864816
864876
864888
865009
865054
865055
865078
865099
865100
865108
865111
865113
865114
865177
865178
865184
865238
865246
865247
865250
865252
865261
865318
865319
865439
865473
865512
865521
865529
865530
865532
865533
865534
865579
865580
865619
865721
865729
865751
865756
865872
865874
865902
865938
865997
866049
866072
866074
866075
866133
866139
866182
866202
866205
866297
866300
866338
866340
866378
866441
866480
866481
866528
866529
866560
866631
866632
866633
866668
866691
866745
866762
866790
866794
866825
866828
866902
866904
866912
866915
866948
866956
866970
866982
867013
867016
867062
867063
867070
867127
867234
867235
867236
867237
867247
867248
867262
867296
867329
867389
867503
867534
867593
867608
867613
867656
867661
867676
867694
867721
867733
867735
867737
867783
867804
867807
867811
867843
867890
867892
868008
868074
868077
868130
868173
868174
868175
868176
868177
868203
868236
868259
868262
868281
868285
868288
868291
868318
868337
868354
868484
868485
868507
868508
868509
868600
868602
868604
868605
868658
868668
868721
868722
868748
868749
868752
868753
868755
868781
868783
868842
868877
868911
868963
868977
868996
869052
869053
869075
869136
869148
869152
869166
869223
869225
869226
869310
869313
869331
869337
869360
869438
869479
869575
869584
869640
869729
869848
869860
869861
869871
869873
869878
869929
869930
869931
869935
869938
869939
869953
869958
869970
869984
869986
869992
869993
870021
870060
870061
870109
870110
870132
870150
870188
870190
870222
870226
870247
870360
870411
870420
870450
870454
870546
870576
870596
870603
870655
87568
87592
87593
87650
876695
876729
87724
87725
87726
877342
877343
877344
877345
877419
877458
877513
877579
877727
877763
877889
877892
877897
877898
877900
877911
877913
877916
877921
877922
877923
877924
877925
877926
878038
878104
878111
878119
878124
878158
878173
878185
878188
878202
878209
878263
878269
878288
878290
878331
878332
878338
878362
878392
878415
878434
878476
878477
878480
878487
878538
878548
878557
878646
878702
878707
878723
878725
878741
878784
878919
878954
878982
879012
879059
879075
879076
879088
879201
879213
879245
879246
879331
879410
879433
87946
879521
879667
87968
879790
879794
879818
879822
879870
879939
879996
880060
880081
880084
880085
880086
880087
880150
880155
880157
880199
880206
88020
880228
880414
880451
880478
880689
880741
880801
880862
880865
880870
880880
880881
88088
88089
880920
880950
880964
880994
881009
881081
881118
881135
881138
881139
881194
881198
881379
881426
881438
881452
881482
881483
881501
881565
881566
881567
881574
881635
881678
881722
881741
881758
881779
881789
881790
881791
881792
881804
881805
881883
881921
881924
881925
88192
881964
882056
882071
882080
882085
882162
882225
882256
882276
882279
882285
882347
882435
882455
882531
882595
882622
882623
882627
882646
882649
882674
882678
882720
882751
882766
882770
882784
882788
882823
882831
882832
882950
882952
883057
883068
883091
883097
883174
883191
883192
883223
883254
883255
883256
883257
883339
883340
883346
883360
883361
883400
883454
883463
883546
883573
883574
883613
883651
883710
883714
883722
883735
883736
883801
883837
883841
883923
883924
883928
883931
883932
883933
883934
884002
884013
884067
884093
884094
884095
884114
884117
884147
884149
884150
884151
884152
884153
884217
884221
884263
884348
884382
884393
884426
884457
884458
884559
884562
884563
884579
884580
884584
884646
884656
884666
884715
884747
884764
884774
884835
884851
884856
884871
884872
884873
884874
884875
884876
884891
884910
884911
884939
884947
884982
885003
885031
885060
885080
885096
885180
885182
885197
885240
885279
885297
885305
885333
885342
885357
885358
885359
885391
89417
89442
89523
89618
89656
89687
89711
89836
89871
90015
90017
90079
90100
90108
90403
90404
91474
91513
91516
91585
91591
91616
91640
91854
91896
92007
92082
92111
92230
92276
92427
92527
92624
93671
93765
93838
93887
93889
93890
93891
93895
93931
94048
94345
94352
94358
94404
94880
95028
95048
95085
96089
96090
96145
96226
96227
96254
96255
96405
96471
96908
98589
98590
98670
98671
99052
99053
99100
99105
99106
